[2024-08-03T06:33:31.475Z] counters.createIndex {"id":1,"reference_value":1} {"unique":true,"background":true}
[2024-08-03T06:33:31.479Z] counters.createIndex {"id":1,"reference_value":1} {"unique":true,"background":true}
[2024-08-03T06:33:31.489Z] couriers.createIndex {"login":1} {"unique":true,"background":true}
[2024-08-03T06:33:31.491Z] counters.createIndex {"id":1,"reference_value":1} {"unique":true,"background":true}
[2024-08-03T06:33:31.493Z] helpers.createIndex {"login":1} {"unique":true,"background":true}
[2024-08-03T06:33:31.500Z] collectors.createIndex {"login":1} {"unique":true,"background":true}
[2024-08-03T06:35:56.296Z] counters.createIndex {"id":1,"reference_value":1} {"unique":true,"background":true}
[2024-08-03T06:35:56.299Z] counters.createIndex {"id":1,"reference_value":1} {"unique":true,"background":true}
[2024-08-03T06:35:56.306Z] collectors.createIndex {"login":1} {"unique":true,"background":true}
[2024-08-03T06:35:56.308Z] helpers.createIndex {"login":1} {"unique":true,"background":true}
[2024-08-03T06:35:56.312Z] couriers.createIndex {"login":1} {"unique":true,"background":true}
[2024-08-03T06:35:56.313Z] counters.createIndex {"id":1,"reference_value":1} {"unique":true,"background":true}
[2024-08-03T06:35:58.307Z] counters.createIndex {"id":1,"reference_value":1} {"unique":true,"background":true}
[2024-08-03T06:35:58.311Z] counters.createIndex {"id":1,"reference_value":1} {"unique":true,"background":true}
[2024-08-03T06:35:58.317Z] collectors.createIndex {"login":1} {"unique":true,"background":true}
[2024-08-03T06:35:58.318Z] helpers.createIndex {"login":1} {"unique":true,"background":true}
[2024-08-03T06:35:58.322Z] couriers.createIndex {"login":1} {"unique":true,"background":true}
[2024-08-03T06:35:58.323Z] counters.createIndex {"id":1,"reference_value":1} {"unique":true,"background":true}
[2024-08-03T06:37:13.521Z] counters.createIndex {"id":1,"reference_value":1} {"unique":true,"background":true}
[2024-08-03T06:37:13.525Z] counters.createIndex {"id":1,"reference_value":1} {"unique":true,"background":true}
[2024-08-03T06:37:13.531Z] couriers.createIndex {"login":1} {"unique":true,"background":true}
[2024-08-03T06:37:13.532Z] collectors.createIndex {"login":1} {"unique":true,"background":true}
[2024-08-03T06:37:13.536Z] helpers.createIndex {"login":1} {"unique":true,"background":true}
[2024-08-03T06:37:13.541Z] counters.createIndex {"id":1,"reference_value":1} {"unique":true,"background":true}
[2024-08-03T06:43:10.736Z] counters.createIndex {"id":1,"reference_value":1} {"unique":true,"background":true}
[2024-08-03T06:43:10.740Z] counters.createIndex {"id":1,"reference_value":1} {"unique":true,"background":true}
[2024-08-03T06:43:10.745Z] couriers.createIndex {"login":1} {"unique":true,"background":true}
[2024-08-03T06:43:10.747Z] helpers.createIndex {"login":1} {"unique":true,"background":true}
[2024-08-03T06:43:10.748Z] collectors.createIndex {"login":1} {"unique":true,"background":true}
[2024-08-03T06:43:10.755Z] counters.createIndex {"id":1,"reference_value":1} {"unique":true,"background":true}
[2024-08-03T06:43:12.840Z] counters.createIndex {"id":1,"reference_value":1} {"unique":true,"background":true}
[2024-08-03T06:43:12.844Z] counters.createIndex {"id":1,"reference_value":1} {"unique":true,"background":true}
[2024-08-03T06:43:12.851Z] collectors.createIndex {"login":1} {"unique":true,"background":true}
[2024-08-03T06:43:12.852Z] helpers.createIndex {"login":1} {"unique":true,"background":true}
[2024-08-03T06:43:12.857Z] couriers.createIndex {"login":1} {"unique":true,"background":true}
[2024-08-03T06:43:12.857Z] counters.createIndex {"id":1,"reference_value":1} {"unique":true,"background":true}
[2024-08-03T06:43:16.802Z] counters.createIndex {"id":1,"reference_value":1} {"unique":true,"background":true}
[2024-08-03T06:43:16.808Z] counters.createIndex {"id":1,"reference_value":1} {"unique":true,"background":true}
[2024-08-03T06:43:16.809Z] helpers.createIndex {"login":1} {"unique":true,"background":true}
[2024-08-03T06:43:16.811Z] collectors.createIndex {"login":1} {"unique":true,"background":true}
[2024-08-03T06:43:16.816Z] couriers.createIndex {"login":1} {"unique":true,"background":true}
[2024-08-03T06:43:16.817Z] counters.createIndex {"id":1,"reference_value":1} {"unique":true,"background":true}
[2024-08-03T06:46:18.967Z] counters.createIndex {"id":1,"reference_value":1} {"unique":true,"background":true}
[2024-08-03T06:46:18.972Z] counters.createIndex {"id":1,"reference_value":1} {"unique":true,"background":true}
[2024-08-03T06:46:18.982Z] collectors.createIndex {"login":1} {"unique":true,"background":true}
[2024-08-03T06:46:18.985Z] helpers.createIndex {"login":1} {"unique":true,"background":true}
[2024-08-03T06:46:18.989Z] couriers.createIndex {"login":1} {"unique":true,"background":true}
[2024-08-03T06:46:18.990Z] counters.createIndex {"id":1,"reference_value":1} {"unique":true,"background":true}
[2024-08-03T06:46:30.861Z] counters.createIndex {"id":1,"reference_value":1} {"unique":true,"background":true}
[2024-08-03T06:46:30.866Z] counters.createIndex {"id":1,"reference_value":1} {"unique":true,"background":true}
[2024-08-03T06:46:30.873Z] collectors.createIndex {"login":1} {"unique":true,"background":true}
[2024-08-03T06:46:30.874Z] helpers.createIndex {"login":1} {"unique":true,"background":true}
[2024-08-03T06:46:30.879Z] couriers.createIndex {"login":1} {"unique":true,"background":true}
[2024-08-03T06:46:30.880Z] counters.createIndex {"id":1,"reference_value":1} {"unique":true,"background":true}
[2024-08-03T06:46:36.680Z] counters.createIndex {"id":1,"reference_value":1} {"unique":true,"background":true}
[2024-08-03T06:46:36.684Z] counters.createIndex {"id":1,"reference_value":1} {"unique":true,"background":true}
[2024-08-03T06:46:36.694Z] couriers.createIndex {"login":1} {"unique":true,"background":true}
[2024-08-03T06:46:36.697Z] counters.createIndex {"id":1,"reference_value":1} {"unique":true,"background":true}
[2024-08-03T06:46:36.701Z] helpers.createIndex {"login":1} {"unique":true,"background":true}
[2024-08-03T06:46:36.707Z] collectors.createIndex {"login":1} {"unique":true,"background":true}
[2024-08-03T06:46:42.719Z] counters.createIndex {"id":1,"reference_value":1} {"unique":true,"background":true}
[2024-08-03T06:46:42.722Z] counters.createIndex {"id":1,"reference_value":1} {"unique":true,"background":true}
[2024-08-03T06:46:42.728Z] collectors.createIndex {"login":1} {"unique":true,"background":true}
[2024-08-03T06:46:42.730Z] helpers.createIndex {"login":1} {"unique":true,"background":true}
[2024-08-03T06:46:42.734Z] couriers.createIndex {"login":1} {"unique":true,"background":true}
[2024-08-03T06:46:42.735Z] counters.createIndex {"id":1,"reference_value":1} {"unique":true,"background":true}
[2024-08-03T06:46:52.031Z] counters.createIndex {"id":1,"reference_value":1} {"unique":true,"background":true}
[2024-08-03T06:46:52.035Z] counters.createIndex {"id":1,"reference_value":1} {"unique":true,"background":true}
[2024-08-03T06:46:52.042Z] collectors.createIndex {"login":1} {"unique":true,"background":true}
[2024-08-03T06:46:52.044Z] helpers.createIndex {"login":1} {"unique":true,"background":true}
[2024-08-03T06:46:52.048Z] couriers.createIndex {"login":1} {"unique":true,"background":true}
[2024-08-03T06:46:52.049Z] counters.createIndex {"id":1,"reference_value":1} {"unique":true,"background":true}
[2024-08-03T06:46:56.552Z] counters.createIndex {"id":1,"reference_value":1} {"unique":true,"background":true}
[2024-08-03T06:46:56.556Z] counters.createIndex {"id":1,"reference_value":1} {"unique":true,"background":true}
[2024-08-03T06:46:56.566Z] couriers.createIndex {"login":1} {"unique":true,"background":true}
[2024-08-03T06:46:56.568Z] counters.createIndex {"id":1,"reference_value":1} {"unique":true,"background":true}
[2024-08-03T06:46:56.571Z] helpers.createIndex {"login":1} {"unique":true,"background":true}
[2024-08-03T06:46:56.578Z] collectors.createIndex {"login":1} {"unique":true,"background":true}
[2024-08-03T06:46:57.957Z] counters.createIndex {"id":1,"reference_value":1} {"unique":true,"background":true}
[2024-08-03T06:46:57.959Z] counters.createIndex {"id":1,"reference_value":1} {"unique":true,"background":true}
[2024-08-03T06:46:57.967Z] collectors.createIndex {"login":1} {"unique":true,"background":true}
[2024-08-03T06:46:57.968Z] counters.createIndex {"id":1,"reference_value":1} {"unique":true,"background":true}
[2024-08-03T06:46:57.973Z] couriers.createIndex {"login":1} {"unique":true,"background":true}
[2024-08-03T06:46:57.974Z] helpers.createIndex {"login":1} {"unique":true,"background":true}
[2024-08-03T06:49:01.940Z] counters.createIndex {"id":1,"reference_value":1} {"unique":true,"background":true}
[2024-08-03T06:49:01.944Z] counters.createIndex {"id":1,"reference_value":1} {"unique":true,"background":true}
[2024-08-03T06:49:01.952Z] couriers.createIndex {"login":1} {"unique":true,"background":true}
[2024-08-03T06:49:01.954Z] counters.createIndex {"id":1,"reference_value":1} {"unique":true,"background":true}
[2024-08-03T06:49:01.957Z] helpers.createIndex {"login":1} {"unique":true,"background":true}
[2024-08-03T06:49:01.964Z] collectors.createIndex {"login":1} {"unique":true,"background":true}
[2024-08-03T06:49:03.484Z] counters.createIndex {"id":1,"reference_value":1} {"unique":true,"background":true}
[2024-08-03T06:49:03.486Z] counters.createIndex {"id":1,"reference_value":1} {"unique":true,"background":true}
[2024-08-03T06:49:03.494Z] collectors.createIndex {"login":1} {"unique":true,"background":true}
[2024-08-03T06:49:03.494Z] counters.createIndex {"id":1,"reference_value":1} {"unique":true,"background":true}
[2024-08-03T06:49:03.500Z] couriers.createIndex {"login":1} {"unique":true,"background":true}
[2024-08-03T06:49:03.500Z] helpers.createIndex {"login":1} {"unique":true,"background":true}
[2024-08-03T06:49:40.271Z] users.findOne {"_id":"66ab528abb2b669899e77b11"} {}
[2024-08-03T06:49:54.469Z] users.findOne {"_id":"6644597b605831c2f5f94735"} {}
[2024-08-03T06:49:54.475Z] orders.aggregate [{"$count":"totalOrders"}] {}
[2024-08-03T06:50:08.229Z] users.findOne {"_id":"6644597b605831c2f5f94735"} {}
[2024-08-03T06:50:08.231Z] orders.aggregate [{"$count":"totalOrders"}] {}
[2024-08-03T06:53:09.647Z] users.findOne {"_id":"6644597b605831c2f5f94735"} {}
[2024-08-03T06:53:09.649Z] orders.aggregate [{"$count":"totalOrders"}] {}
[2024-08-03T06:53:19.987Z] users.findOne {"email":"iwtuz166@gmail.com"} {}
[2024-08-03T06:53:19.989Z] confirmations.findOne {"data":"iwtuz166@gmail.com"} {}
[2024-08-03T06:53:22.106Z] confirmations.insertOne {"type":"email","uuid":"6896c624-adfd-4587-87ae-a2a15cfa8804","code":"$2b$13$xTNObrOkasOCj.h1wN6Lc.I5JaR4H5Yfr.6FyK95SqvhZ59Mi5.ZK","oldData":null,"data":"iwtuz166@gmail.com","expiredAt":"2024-08-03T06:55:22.099Z","_id":"66add3e261b7748995cacdcc","createdAt":"2024-08-03T06:53:22.104Z","updatedAt":"2024-08-03T06:53:22.104Z","__v":0} {}
[2024-08-03T06:53:35.919Z] confirmations.findOne {"uuid":"6896c624-adfd-4587-87ae-a2a15cfa8804"} {}
[2024-08-03T06:53:35.921Z] confirmations.findOne {"uuid":"6896c624-adfd-4587-87ae-a2a15cfa8804"} {}
[2024-08-03T06:53:36.375Z] confirmations.findOneAndDelete {"uuid":"6896c624-adfd-4587-87ae-a2a15cfa8804"} {}
[2024-08-03T06:53:36.378Z] users.findOne {"$or":[{"email":"iwtuz166@gmail.com"},{"phone":"iwtuz166@gmail.com"}]} {}
[2024-08-03T06:54:00.797Z] users.findOne {"_id":"6644597b605831c2f5f94735"} {}
[2024-08-03T06:54:00.807Z] counters.findOneAndUpdate {"id":"order_id","reference_value":null} {"$setOnInsert":{"id":"order_id","reference_value":null,"seq":1000}}
[2024-08-03T06:54:00.810Z] counters.findOneAndUpdate {"id":"order_id","reference_value":null} {"$inc":{"seq":1}}
[2024-08-03T06:54:00.812Z] orders.insertOne {"userId":"6644597b605831c2f5f94735","products":[{"product":"6698b3be48b208c960d32f90","quantity":10,"_id":"66add40861b7748995cacdd4"}],"status":0,"pay":{"type":"click","card":{"uuid":null,"card_pan":null,"payment_amount":null,"amount":null,"total_amount":null,"commission_amount":null},"payme":{"id":null,"amount":null,"total_amount":null,"create_time":null,"perform_time":0,"cancel_time":0,"state":1,"reason":null},"click":{"click_trans_id":null,"service_id":null,"click_paydoc_id":null,"merchant_trans_id":null,"merchant_prepare_id":null,"merchant_confirm_id":null,"amount":null,"total_amount":null,"action":0},"uzum":{"serviceId":null,"transId":null,"amount":null,"total_amount":null,"paymentSource":null,"tariff":null,"confirmTime":null,"reverseTime":null,"status":"CREATED"},"created_date":"2024-08-03T06:54:00.802Z","pay_date":null,"uuid":null,"status":"created"},"comment":"You don't have to write this","phone":{"number":998339333021,"created_at":"2024-08-03T06:54:00.803Z"},"collector":{"finish_time":null,"collector_id":null},"delivery":{"address":{"longitude":69.28010031580925,"latitude":41.3166540137028,"name":"Arnasoy 27"},"date":{"from":"2024-03-30T06:53:36.785Z","to":"2024-03-30T06:53:36.785Z"},"courier":null,"stars":0,"comment":""},"cancel":{"reason":null,"date":null},"_id":"66add40861b7748995cacdd3","createdAt":"2024-08-03T06:54:00.805Z","updatedAt":"2024-08-03T06:54:00.805Z","order_id":1019,"__v":0} {}
[2024-08-03T06:54:00.814Z] products.findOne {"_id":"6698b3be48b208c960d32f90"} {}
[2024-08-03T06:54:00.818Z] orders.updateOne {"_id":"66add40861b7748995cacdd3"} {"$set":{"pay.order_url":"https://my.click.uz/services/pay?service_id=33923&merchant_id=25959&amount=900&transaction_param=1019","updatedAt":"2024-08-03T06:54:00.817Z"}}
[2024-08-03T06:54:26.989Z] users.findOne {"_id":"6644597b605831c2f5f94735"} {}
[2024-08-03T06:54:26.991Z] orders.aggregate [{"$count":"totalOrders"}] {}
[2024-08-03T06:55:31.422Z] counters.createIndex {"id":1,"reference_value":1} {"unique":true,"background":true}
[2024-08-03T06:55:31.426Z] counters.createIndex {"id":1,"reference_value":1} {"unique":true,"background":true}
[2024-08-03T06:55:31.433Z] collectors.createIndex {"login":1} {"unique":true,"background":true}
[2024-08-03T06:55:31.435Z] helpers.createIndex {"login":1} {"unique":true,"background":true}
[2024-08-03T06:55:31.439Z] couriers.createIndex {"login":1} {"unique":true,"background":true}
[2024-08-03T06:55:31.440Z] counters.createIndex {"id":1,"reference_value":1} {"unique":true,"background":true}
[2024-08-03T06:55:57.417Z] counters.createIndex {"id":1,"reference_value":1} {"unique":true,"background":true}
[2024-08-03T06:55:57.420Z] counters.createIndex {"id":1,"reference_value":1} {"unique":true,"background":true}
[2024-08-03T06:55:57.427Z] collectors.createIndex {"login":1} {"unique":true,"background":true}
[2024-08-03T06:55:57.429Z] helpers.createIndex {"login":1} {"unique":true,"background":true}
[2024-08-03T06:55:57.433Z] couriers.createIndex {"login":1} {"unique":true,"background":true}
[2024-08-03T06:55:57.433Z] counters.createIndex {"id":1,"reference_value":1} {"unique":true,"background":true}
[2024-08-03T06:56:50.544Z] counters.createIndex {"id":1,"reference_value":1} {"unique":true,"background":true}
[2024-08-03T06:56:50.547Z] counters.createIndex {"id":1,"reference_value":1} {"unique":true,"background":true}
[2024-08-03T06:56:50.554Z] couriers.createIndex {"login":1} {"unique":true,"background":true}
[2024-08-03T06:56:50.556Z] counters.createIndex {"id":1,"reference_value":1} {"unique":true,"background":true}
[2024-08-03T06:56:50.558Z] helpers.createIndex {"login":1} {"unique":true,"background":true}
[2024-08-03T06:56:50.564Z] collectors.createIndex {"login":1} {"unique":true,"background":true}
[2024-08-03T06:56:55.259Z] counters.createIndex {"id":1,"reference_value":1} {"unique":true,"background":true}
[2024-08-03T06:56:55.262Z] counters.createIndex {"id":1,"reference_value":1} {"unique":true,"background":true}
[2024-08-03T06:56:55.268Z] collectors.createIndex {"login":1} {"unique":true,"background":true}
[2024-08-03T06:56:55.270Z] helpers.createIndex {"login":1} {"unique":true,"background":true}
[2024-08-03T06:56:55.274Z] couriers.createIndex {"login":1} {"unique":true,"background":true}
[2024-08-03T06:56:55.275Z] counters.createIndex {"id":1,"reference_value":1} {"unique":true,"background":true}
[2024-08-03T06:57:09.164Z] counters.createIndex {"id":1,"reference_value":1} {"unique":true,"background":true}
[2024-08-03T06:57:09.168Z] counters.createIndex {"id":1,"reference_value":1} {"unique":true,"background":true}
[2024-08-03T06:57:09.173Z] collectors.createIndex {"login":1} {"unique":true,"background":true}
[2024-08-03T06:57:09.175Z] helpers.createIndex {"login":1} {"unique":true,"background":true}
[2024-08-03T06:57:09.179Z] couriers.createIndex {"login":1} {"unique":true,"background":true}
[2024-08-03T06:57:09.180Z] counters.createIndex {"id":1,"reference_value":1} {"unique":true,"background":true}
[2024-08-03T06:57:17.445Z] counters.createIndex {"id":1,"reference_value":1} {"unique":true,"background":true}
[2024-08-03T06:57:17.448Z] counters.createIndex {"id":1,"reference_value":1} {"unique":true,"background":true}
[2024-08-03T06:57:17.455Z] collectors.createIndex {"login":1} {"unique":true,"background":true}
[2024-08-03T06:57:17.456Z] helpers.createIndex {"login":1} {"unique":true,"background":true}
[2024-08-03T06:57:17.461Z] couriers.createIndex {"login":1} {"unique":true,"background":true}
[2024-08-03T06:57:17.461Z] counters.createIndex {"id":1,"reference_value":1} {"unique":true,"background":true}
[2024-08-03T06:57:43.718Z] users.findOne {"_id":"6644597b605831c2f5f94735"} {}
[2024-08-03T06:57:43.726Z] orders.aggregate [{"$match":{"createdAt":{"$gte":"2024-07-18T06:18:38.104","$lte":"2024-08-18T06:18:38.104"}}},{"$count":"totalOrders"}] {}
[2024-08-03T06:57:49.969Z] users.findOne {"_id":"6644597b605831c2f5f94735"} {}
[2024-08-03T06:57:49.971Z] orders.aggregate [{"$match":{"createdAt":{"$gte":"2024-06-18T06:18:38.104","$lte":"2024-08-18T06:18:38.104"}}},{"$count":"totalOrders"}] {}
[2024-08-03T06:58:06.075Z] users.findOne {"_id":"6644597b605831c2f5f94735"} {}
[2024-08-03T06:58:06.077Z] orders.aggregate [{"$match":{"createdAt":{"$gte":"2024-06-18T06:18:38.104+00:00","$lte":"2024-08-18T06:18:38.104+00:00"}}},{"$count":"totalOrders"}] {}
[2024-08-03T06:58:45.791Z] counters.createIndex {"id":1,"reference_value":1} {"unique":true,"background":true}
[2024-08-03T06:58:45.795Z] counters.createIndex {"id":1,"reference_value":1} {"unique":true,"background":true}
[2024-08-03T06:58:45.800Z] collectors.createIndex {"login":1} {"unique":true,"background":true}
[2024-08-03T06:58:45.802Z] helpers.createIndex {"login":1} {"unique":true,"background":true}
[2024-08-03T06:58:45.806Z] couriers.createIndex {"login":1} {"unique":true,"background":true}
[2024-08-03T06:58:45.807Z] counters.createIndex {"id":1,"reference_value":1} {"unique":true,"background":true}
[2024-08-03T06:58:53.415Z] counters.createIndex {"id":1,"reference_value":1} {"unique":true,"background":true}
[2024-08-03T06:58:53.418Z] counters.createIndex {"id":1,"reference_value":1} {"unique":true,"background":true}
[2024-08-03T06:58:53.424Z] collectors.createIndex {"login":1} {"unique":true,"background":true}
[2024-08-03T06:58:53.426Z] helpers.createIndex {"login":1} {"unique":true,"background":true}
[2024-08-03T06:58:53.429Z] couriers.createIndex {"login":1} {"unique":true,"background":true}
[2024-08-03T06:58:53.430Z] counters.createIndex {"id":1,"reference_value":1} {"unique":true,"background":true}
[2024-08-03T06:58:55.239Z] users.findOne {"_id":"6644597b605831c2f5f94735"} {}
[2024-08-03T06:58:55.245Z] orders.aggregate [{"$match":{"createdAt":{"$gte":"2024-06-18T06:18:38.104Z","$lte":"2024-08-18T06:18:38.104Z"}}},{"$count":"totalOrders"}] {}
[2024-08-03T06:59:03.323Z] users.findOne {"_id":"6644597b605831c2f5f94735"} {}
[2024-08-03T06:59:03.325Z] orders.aggregate [{"$match":{"createdAt":{"$gte":"2024-07-18T06:18:38.104Z","$lte":"2024-08-18T06:18:38.104Z"}}},{"$count":"totalOrders"}] {}
[2024-08-03T06:59:08.368Z] users.findOne {"_id":"6644597b605831c2f5f94735"} {}
[2024-08-03T06:59:08.370Z] orders.aggregate [{"$match":{"createdAt":{"$gte":"2024-06-18T06:18:38.104Z","$lte":"2024-08-18T06:18:38.104Z"}}},{"$count":"totalOrders"}] {}
[2024-08-03T07:10:20.724Z] users.findOne {"_id":"6644597b605831c2f5f94735"} {}
[2024-08-03T07:10:20.726Z] orders.aggregate [{"$match":{"createdAt":{"$gte":"2024-06-18T06:18:38.104Z","$lte":"2024-08-18T06:18:38.104Z"}}},{"$count":"totalOrders"}] {}
[2024-08-03T07:11:33.245Z] counters.createIndex {"id":1,"reference_value":1} {"unique":true,"background":true}
[2024-08-03T07:11:33.249Z] counters.createIndex {"id":1,"reference_value":1} {"unique":true,"background":true}
[2024-08-03T07:11:33.257Z] collectors.createIndex {"login":1} {"unique":true,"background":true}
[2024-08-03T07:11:33.260Z] helpers.createIndex {"login":1} {"unique":true,"background":true}
[2024-08-03T07:11:33.264Z] couriers.createIndex {"login":1} {"unique":true,"background":true}
[2024-08-03T07:11:33.265Z] counters.createIndex {"id":1,"reference_value":1} {"unique":true,"background":true}
[2024-08-03T07:11:34.076Z] users.findOne {"_id":"6644597b605831c2f5f94735"} {}
[2024-08-03T07:11:34.083Z] orders.aggregate [{"$match":{"createdAt":{"$gte":"2024-06-18T06:18:38.104Z","$lte":"2024-08-18T06:18:38.104Z"}}},{"$group":{"_id":null,"totalOrders":{"$sum":1},"totalAmount":{"$sum":"$pay.total_amount"}}}] {}
[2024-08-03T07:11:44.379Z] users.findOne {"_id":"6644597b605831c2f5f94735"} {}
[2024-08-03T07:11:44.381Z] orders.aggregate [{"$match":{"createdAt":{"$gte":"2024-06-18T06:18:38.104Z","$lte":"2024-08-18T06:18:38.104Z"}}},{"$group":{"_id":null,"totalOrders":{"$sum":1},"totalAmount":{"$sum":"$pay.total_amount"}}}] {}
[2024-08-03T07:12:10.189Z] users.findOne {"_id":"6644597b605831c2f5f94735"} {}
[2024-08-03T07:12:10.191Z] orders.aggregate [{"$match":{"createdAt":{"$gte":"2024-06-18T06:18:38.104Z","$lte":"2024-08-18T06:18:38.104Z"}}},{"$group":{"_id":null,"totalOrders":{"$sum":1},"totalAmount":{"$sum":"$pay.total_amount"}}}] {}
[2024-08-03T07:12:13.909Z] users.findOne {"_id":"6644597b605831c2f5f94735"} {}
[2024-08-03T07:12:13.911Z] orders.aggregate [{"$match":{"createdAt":{"$gte":"2024-06-18T06:18:38.104Z","$lte":"2024-08-18T06:18:38.104Z"}}},{"$group":{"_id":null,"totalOrders":{"$sum":1},"totalAmount":{"$sum":"$pay.total_amount"}}}] {}
[2024-08-03T07:12:20.056Z] users.findOne {"_id":"6644597b605831c2f5f94735"} {}
[2024-08-03T07:12:20.057Z] orders.aggregate [{"$match":{"createdAt":{"$gte":"2024-06-18T06:18:38.104Z","$lte":"2024-08-18T06:18:38.104Z"}}},{"$group":{"_id":null,"totalOrders":{"$sum":1},"totalAmount":{"$sum":"$pay.total_amount"}}}] {}
[2024-08-03T07:13:35.989Z] counters.createIndex {"id":1,"reference_value":1} {"unique":true,"background":true}
[2024-08-03T07:13:35.994Z] counters.createIndex {"id":1,"reference_value":1} {"unique":true,"background":true}
[2024-08-03T07:13:36.001Z] collectors.createIndex {"login":1} {"unique":true,"background":true}
[2024-08-03T07:13:36.003Z] helpers.createIndex {"login":1} {"unique":true,"background":true}
[2024-08-03T07:13:36.007Z] couriers.createIndex {"login":1} {"unique":true,"background":true}
[2024-08-03T07:13:36.008Z] counters.createIndex {"id":1,"reference_value":1} {"unique":true,"background":true}
[2024-08-03T07:13:37.336Z] users.findOne {"_id":"6644597b605831c2f5f94735"} {}
[2024-08-03T07:13:37.343Z] orders.aggregate [{"$match":{"createdAt":{"$gte":"2024-06-18T06:18:38.104Z","$lte":"2024-08-18T06:18:38.104Z"}}},{"$group":{"_id":null,"totalOrders":{"$sum":1},"totalCardAmount":{"$sum":"$pay.card.total_amount"},"totalPaymeAmount":{"$sum":"$pay.payme.total_amount"},"totalClickAmount":{"$sum":"$pay.click.total_amount"},"totalUzumAmount":{"$sum":"$pay.uzum.total_amount"}}},{"$project":{"_id":0,"totalOrders":1,"totalAmount":{"$add":["$totalCardAmount","$totalPaymeAmount","$totalClickAmount","$totalUzumAmount"]}}}] {}
[2024-08-03T07:13:53.422Z] users.findOne {"_id":"6644597b605831c2f5f94735"} {}
[2024-08-03T07:13:53.425Z] orders.aggregate [{"$match":{"createdAt":{"$gte":"2024-06-18T06:18:38.104Z","$lte":"2024-08-18T06:18:38.104Z"}}},{"$group":{"_id":null,"totalOrders":{"$sum":1},"totalCardAmount":{"$sum":"$pay.card.total_amount"},"totalPaymeAmount":{"$sum":"$pay.payme.total_amount"},"totalClickAmount":{"$sum":"$pay.click.total_amount"},"totalUzumAmount":{"$sum":"$pay.uzum.total_amount"}}},{"$project":{"_id":0,"totalOrders":1,"totalAmount":{"$add":["$totalCardAmount","$totalPaymeAmount","$totalClickAmount","$totalUzumAmount"]}}}] {}
[2024-08-03T07:13:59.636Z] users.findOne {"_id":"6644597b605831c2f5f94735"} {}
[2024-08-03T07:13:59.638Z] orders.aggregate [{"$match":{"createdAt":{"$gte":"2024-06-18T06:18:38.104Z","$lte":"2024-08-18T06:18:38.104Z"}}},{"$group":{"_id":null,"totalOrders":{"$sum":1},"totalCardAmount":{"$sum":"$pay.card.total_amount"},"totalPaymeAmount":{"$sum":"$pay.payme.total_amount"},"totalClickAmount":{"$sum":"$pay.click.total_amount"},"totalUzumAmount":{"$sum":"$pay.uzum.total_amount"}}},{"$project":{"_id":0,"totalOrders":1,"totalAmount":{"$add":["$totalCardAmount","$totalPaymeAmount","$totalClickAmount","$totalUzumAmount"]}}}] {}
[2024-08-03T07:14:10.397Z] users.findOne {"_id":"6644597b605831c2f5f94735"} {}
[2024-08-03T07:14:10.398Z] orders.aggregate [{"$match":{"createdAt":{"$gte":"2024-06-18T06:18:38.104Z","$lte":"2024-08-18T06:18:38.104Z"}}},{"$group":{"_id":null,"totalOrders":{"$sum":1},"totalCardAmount":{"$sum":"$pay.card.total_amount"},"totalPaymeAmount":{"$sum":"$pay.payme.total_amount"},"totalClickAmount":{"$sum":"$pay.click.total_amount"},"totalUzumAmount":{"$sum":"$pay.uzum.total_amount"}}},{"$project":{"_id":0,"totalOrders":1,"totalAmount":{"$add":["$totalCardAmount","$totalPaymeAmount","$totalClickAmount","$totalUzumAmount"]}}}] {}
[2024-08-03T07:16:26.841Z] counters.createIndex {"id":1,"reference_value":1} {"unique":true,"background":true}
[2024-08-03T07:16:26.844Z] counters.createIndex {"id":1,"reference_value":1} {"unique":true,"background":true}
[2024-08-03T07:16:26.853Z] collectors.createIndex {"login":1} {"unique":true,"background":true}
[2024-08-03T07:16:26.855Z] helpers.createIndex {"login":1} {"unique":true,"background":true}
[2024-08-03T07:16:26.860Z] couriers.createIndex {"login":1} {"unique":true,"background":true}
[2024-08-03T07:16:26.860Z] counters.createIndex {"id":1,"reference_value":1} {"unique":true,"background":true}
[2024-08-03T07:16:27.474Z] users.findOne {"_id":"6644597b605831c2f5f94735"} {}
[2024-08-03T07:16:27.481Z] orders.aggregate [{"$match":{"createdAt":{"$gte":"2024-06-18T06:18:38.104Z","$lte":"2024-08-18T06:18:38.104Z"}}},{"$group":{"_id":null,"totalOrders":{"$sum":1},"totalCardAmount":{"$sum":"$pay.card.total_amount"},"totalPaymeAmount":{"$sum":"$pay.payme.total_amount"},"totalClickAmount":{"$sum":"$pay.click.total_amount"},"totalUzumAmount":{"$sum":"$pay.uzum.total_amount"},"statusCounts":{"$push":{"status":"$status"}}}},{"$project":{"_id":0,"totalOrders":1,"totalAmount":{"$add":["$totalCardAmount","$totalPaymeAmount","$totalClickAmount","$totalUzumAmount"]},"statusCounts":1}}] {}
[2024-08-03T07:16:29.299Z] users.findOne {"_id":"6644597b605831c2f5f94735"} {}
[2024-08-03T07:16:29.301Z] orders.aggregate [{"$match":{"createdAt":{"$gte":"2024-06-18T06:18:38.104Z","$lte":"2024-08-18T06:18:38.104Z"}}},{"$group":{"_id":null,"totalOrders":{"$sum":1},"totalCardAmount":{"$sum":"$pay.card.total_amount"},"totalPaymeAmount":{"$sum":"$pay.payme.total_amount"},"totalClickAmount":{"$sum":"$pay.click.total_amount"},"totalUzumAmount":{"$sum":"$pay.uzum.total_amount"},"statusCounts":{"$push":{"status":"$status"}}}},{"$project":{"_id":0,"totalOrders":1,"totalAmount":{"$add":["$totalCardAmount","$totalPaymeAmount","$totalClickAmount","$totalUzumAmount"]},"statusCounts":1}}] {}
[2024-08-03T07:53:00.117Z] users.findOne {"_id":"6644597b605831c2f5f94735"} {}
[2024-08-03T07:53:00.120Z] orders.aggregate [{"$match":{"createdAt":{"$gte":"2024-06-18T06:18:38.104Z","$lte":"2024-08-18T06:18:38.104Z"}}},{"$group":{"_id":null,"totalOrders":{"$sum":1},"totalCardAmount":{"$sum":"$pay.card.total_amount"},"totalPaymeAmount":{"$sum":"$pay.payme.total_amount"},"totalClickAmount":{"$sum":"$pay.click.total_amount"},"totalUzumAmount":{"$sum":"$pay.uzum.total_amount"},"statusCounts":{"$push":{"status":"$status"}}}},{"$project":{"_id":0,"totalOrders":1,"totalAmount":{"$add":["$totalCardAmount","$totalPaymeAmount","$totalClickAmount","$totalUzumAmount"]},"statusCounts":1}}] {}
[2024-08-03T08:52:19.843Z] counters.createIndex {"id":1,"reference_value":1} {"unique":true,"background":true}
[2024-08-03T08:52:19.846Z] counters.createIndex {"id":1,"reference_value":1} {"unique":true,"background":true}
[2024-08-03T08:52:19.856Z] couriers.createIndex {"login":1} {"unique":true,"background":true}
[2024-08-03T08:52:19.858Z] counters.createIndex {"id":1,"reference_value":1} {"unique":true,"background":true}
[2024-08-03T08:52:19.861Z] helpers.createIndex {"login":1} {"unique":true,"background":true}
[2024-08-03T08:52:19.867Z] collectors.createIndex {"login":1} {"unique":true,"background":true}
[2024-08-03T08:52:24.184Z] counters.createIndex {"id":1,"reference_value":1} {"unique":true,"background":true}
[2024-08-03T08:52:24.188Z] counters.createIndex {"id":1,"reference_value":1} {"unique":true,"background":true}
[2024-08-03T08:52:24.195Z] collectors.createIndex {"login":1} {"unique":true,"background":true}
[2024-08-03T08:52:24.197Z] helpers.createIndex {"login":1} {"unique":true,"background":true}
[2024-08-03T08:52:24.201Z] couriers.createIndex {"login":1} {"unique":true,"background":true}
[2024-08-03T08:52:24.202Z] counters.createIndex {"id":1,"reference_value":1} {"unique":true,"background":true}
[2024-08-03T08:52:43.137Z] counters.createIndex {"id":1,"reference_value":1} {"unique":true,"background":true}
[2024-08-03T08:52:43.140Z] counters.createIndex {"id":1,"reference_value":1} {"unique":true,"background":true}
[2024-08-03T08:52:43.147Z] collectors.createIndex {"login":1} {"unique":true,"background":true}
[2024-08-03T08:52:43.149Z] helpers.createIndex {"login":1} {"unique":true,"background":true}
[2024-08-03T08:52:43.153Z] couriers.createIndex {"login":1} {"unique":true,"background":true}
[2024-08-03T08:52:43.154Z] counters.createIndex {"id":1,"reference_value":1} {"unique":true,"background":true}
[2024-08-03T08:54:50.820Z] products.find {} {"skip":0,"limit":10}
[2024-08-03T08:54:50.838Z] categories.find {"_id":{"$in":["666ad8b4af6936fe349408b6"]}} {}
[2024-08-03T08:54:50.839Z] brands.find {"_id":{"$in":["65effbb5e0959001cd7e858f"]}} {}
[2024-08-03T08:54:50.839Z] subcategories.find {"_id":{"$in":["6645a4758b417a07d8febd2d"]}} {}
[2024-08-03T08:54:50.847Z] products.countDocuments {} {}
[2024-08-03T08:55:40.837Z] counters.createIndex {"id":1,"reference_value":1} {"unique":true,"background":true}
[2024-08-03T08:55:40.844Z] counters.createIndex {"id":1,"reference_value":1} {"unique":true,"background":true}
[2024-08-03T08:55:40.858Z] collectors.createIndex {"login":1} {"unique":true,"background":true}
[2024-08-03T08:55:40.861Z] helpers.createIndex {"login":1} {"unique":true,"background":true}
[2024-08-03T08:55:40.870Z] couriers.createIndex {"login":1} {"unique":true,"background":true}
[2024-08-03T08:55:40.872Z] counters.createIndex {"id":1,"reference_value":1} {"unique":true,"background":true}
[2024-08-03T09:24:31.650Z] counters.createIndex {"id":1,"reference_value":1} {"unique":true,"background":true}
[2024-08-03T09:24:31.656Z] counters.createIndex {"id":1,"reference_value":1} {"unique":true,"background":true}
[2024-08-03T09:24:31.668Z] collectors.createIndex {"login":1} {"unique":true,"background":true}
[2024-08-03T09:24:31.671Z] helpers.createIndex {"login":1} {"unique":true,"background":true}
[2024-08-03T09:24:31.679Z] couriers.createIndex {"login":1} {"unique":true,"background":true}
[2024-08-03T09:24:31.680Z] counters.createIndex {"id":1,"reference_value":1} {"unique":true,"background":true}
[2024-08-03T09:24:37.019Z] counters.createIndex {"id":1,"reference_value":1} {"unique":true,"background":true}
[2024-08-03T09:24:37.023Z] counters.createIndex {"id":1,"reference_value":1} {"unique":true,"background":true}
[2024-08-03T09:24:37.037Z] collectors.createIndex {"login":1} {"unique":true,"background":true}
[2024-08-03T09:24:37.039Z] counters.createIndex {"id":1,"reference_value":1} {"unique":true,"background":true}
[2024-08-03T09:24:37.047Z] couriers.createIndex {"login":1} {"unique":true,"background":true}
[2024-08-03T09:24:37.048Z] helpers.createIndex {"login":1} {"unique":true,"background":true}
[2024-08-03T09:24:43.823Z] counters.createIndex {"id":1,"reference_value":1} {"unique":true,"background":true}
[2024-08-03T09:24:43.828Z] counters.createIndex {"id":1,"reference_value":1} {"unique":true,"background":true}
[2024-08-03T09:24:43.835Z] collectors.createIndex {"login":1} {"unique":true,"background":true}
[2024-08-03T09:24:43.838Z] helpers.createIndex {"login":1} {"unique":true,"background":true}
[2024-08-03T09:24:43.843Z] couriers.createIndex {"login":1} {"unique":true,"background":true}
[2024-08-03T09:24:43.844Z] counters.createIndex {"id":1,"reference_value":1} {"unique":true,"background":true}
[2024-08-03T09:30:31.619Z] counters.createIndex {"id":1,"reference_value":1} {"unique":true,"background":true}
[2024-08-03T09:30:31.624Z] counters.createIndex {"id":1,"reference_value":1} {"unique":true,"background":true}
[2024-08-03T09:30:31.634Z] collectors.createIndex {"login":1} {"unique":true,"background":true}
[2024-08-03T09:30:31.637Z] helpers.createIndex {"login":1} {"unique":true,"background":true}
[2024-08-03T09:30:31.642Z] couriers.createIndex {"login":1} {"unique":true,"background":true}
[2024-08-03T09:30:31.643Z] counters.createIndex {"id":1,"reference_value":1} {"unique":true,"background":true}
[2024-08-03T09:30:58.214Z] counters.createIndex {"id":1,"reference_value":1} {"unique":true,"background":true}
[2024-08-03T09:30:58.218Z] counters.createIndex {"id":1,"reference_value":1} {"unique":true,"background":true}
[2024-08-03T09:30:58.226Z] collectors.createIndex {"login":1} {"unique":true,"background":true}
[2024-08-03T09:30:58.229Z] helpers.createIndex {"login":1} {"unique":true,"background":true}
[2024-08-03T09:30:58.236Z] couriers.createIndex {"login":1} {"unique":true,"background":true}
[2024-08-03T09:30:58.237Z] counters.createIndex {"id":1,"reference_value":1} {"unique":true,"background":true}
[2024-08-03T09:31:08.096Z] counters.createIndex {"id":1,"reference_value":1} {"unique":true,"background":true}
[2024-08-03T09:31:08.100Z] counters.createIndex {"id":1,"reference_value":1} {"unique":true,"background":true}
[2024-08-03T09:31:08.109Z] collectors.createIndex {"login":1} {"unique":true,"background":true}
[2024-08-03T09:31:08.112Z] helpers.createIndex {"login":1} {"unique":true,"background":true}
[2024-08-03T09:31:08.118Z] couriers.createIndex {"login":1} {"unique":true,"background":true}
[2024-08-03T09:31:08.118Z] counters.createIndex {"id":1,"reference_value":1} {"unique":true,"background":true}
[2024-08-03T09:40:13.010Z] counters.createIndex {"id":1,"reference_value":1} {"unique":true,"background":true}
[2024-08-03T09:40:13.016Z] counters.createIndex {"id":1,"reference_value":1} {"unique":true,"background":true}
[2024-08-03T09:40:13.026Z] collectors.createIndex {"login":1} {"unique":true,"background":true}
[2024-08-03T09:40:13.028Z] helpers.createIndex {"login":1} {"unique":true,"background":true}
[2024-08-03T09:40:13.034Z] couriers.createIndex {"login":1} {"unique":true,"background":true}
[2024-08-03T09:40:13.035Z] counters.createIndex {"id":1,"reference_value":1} {"unique":true,"background":true}
[2024-08-03T09:41:32.123Z] counters.createIndex {"id":1,"reference_value":1} {"unique":true,"background":true}
[2024-08-03T09:41:32.129Z] counters.createIndex {"id":1,"reference_value":1} {"unique":true,"background":true}
[2024-08-03T09:41:32.140Z] collectors.createIndex {"login":1} {"unique":true,"background":true}
[2024-08-03T09:41:32.145Z] helpers.createIndex {"login":1} {"unique":true,"background":true}
[2024-08-03T09:41:32.154Z] couriers.createIndex {"login":1} {"unique":true,"background":true}
[2024-08-03T09:41:32.155Z] counters.createIndex {"id":1,"reference_value":1} {"unique":true,"background":true}
[2024-08-03T09:41:53.218Z] counters.createIndex {"id":1,"reference_value":1} {"unique":true,"background":true}
[2024-08-03T09:41:53.227Z] counters.createIndex {"id":1,"reference_value":1} {"unique":true,"background":true}
[2024-08-03T09:41:53.244Z] counters.createIndex {"id":1,"reference_value":1} {"unique":true,"background":true}
[2024-08-03T09:41:53.247Z] helpers.createIndex {"login":1} {"unique":true,"background":true}
[2024-08-03T09:41:53.255Z] couriers.createIndex {"login":1} {"unique":true,"background":true}
[2024-08-03T09:41:53.255Z] collectors.createIndex {"login":1} {"unique":true,"background":true}
[2024-08-03T09:42:06.047Z] counters.createIndex {"id":1,"reference_value":1} {"unique":true,"background":true}
[2024-08-03T09:42:06.056Z] counters.createIndex {"id":1,"reference_value":1} {"unique":true,"background":true}
[2024-08-03T09:42:06.070Z] couriers.createIndex {"login":1} {"unique":true,"background":true}
[2024-08-03T09:42:06.072Z] collectors.createIndex {"login":1} {"unique":true,"background":true}
[2024-08-03T09:42:06.079Z] helpers.createIndex {"login":1} {"unique":true,"background":true}
[2024-08-03T09:42:06.095Z] counters.createIndex {"id":1,"reference_value":1} {"unique":true,"background":true}
[2024-08-03T09:42:12.222Z] counters.createIndex {"id":1,"reference_value":1} {"unique":true,"background":true}
[2024-08-03T09:42:12.229Z] counters.createIndex {"id":1,"reference_value":1} {"unique":true,"background":true}
[2024-08-03T09:42:12.244Z] collectors.createIndex {"login":1} {"unique":true,"background":true}
[2024-08-03T09:42:12.248Z] helpers.createIndex {"login":1} {"unique":true,"background":true}
[2024-08-03T09:42:12.258Z] couriers.createIndex {"login":1} {"unique":true,"background":true}
[2024-08-03T09:42:12.260Z] counters.createIndex {"id":1,"reference_value":1} {"unique":true,"background":true}
[2024-08-03T09:42:45.817Z] counters.createIndex {"id":1,"reference_value":1} {"unique":true,"background":true}
[2024-08-03T09:42:45.824Z] counters.createIndex {"id":1,"reference_value":1} {"unique":true,"background":true}
[2024-08-03T09:42:45.836Z] collectors.createIndex {"login":1} {"unique":true,"background":true}
[2024-08-03T09:42:45.839Z] helpers.createIndex {"login":1} {"unique":true,"background":true}
[2024-08-03T09:42:45.845Z] couriers.createIndex {"login":1} {"unique":true,"background":true}
[2024-08-03T09:42:45.846Z] counters.createIndex {"id":1,"reference_value":1} {"unique":true,"background":true}
[2024-08-03T09:42:50.657Z] counters.createIndex {"id":1,"reference_value":1} {"unique":true,"background":true}
[2024-08-03T09:42:50.662Z] counters.createIndex {"id":1,"reference_value":1} {"unique":true,"background":true}
[2024-08-03T09:42:50.677Z] couriers.createIndex {"login":1} {"unique":true,"background":true}
[2024-08-03T09:42:50.681Z] counters.createIndex {"id":1,"reference_value":1} {"unique":true,"background":true}
[2024-08-03T09:42:50.686Z] helpers.createIndex {"login":1} {"unique":true,"background":true}
[2024-08-03T09:42:50.700Z] collectors.createIndex {"login":1} {"unique":true,"background":true}
[2024-08-03T09:43:14.023Z] counters.createIndex {"id":1,"reference_value":1} {"unique":true,"background":true}
[2024-08-03T09:43:14.028Z] counters.createIndex {"id":1,"reference_value":1} {"unique":true,"background":true}
[2024-08-03T09:43:14.037Z] couriers.createIndex {"login":1} {"unique":true,"background":true}
[2024-08-03T09:43:14.038Z] collectors.createIndex {"login":1} {"unique":true,"background":true}
[2024-08-03T09:43:14.043Z] helpers.createIndex {"login":1} {"unique":true,"background":true}
[2024-08-03T09:43:14.051Z] counters.createIndex {"id":1,"reference_value":1} {"unique":true,"background":true}
[2024-08-03T09:44:18.351Z] counters.createIndex {"id":1,"reference_value":1} {"unique":true,"background":true}
[2024-08-03T09:44:18.356Z] counters.createIndex {"id":1,"reference_value":1} {"unique":true,"background":true}
[2024-08-03T09:44:18.368Z] collectors.createIndex {"login":1} {"unique":true,"background":true}
[2024-08-03T09:44:18.371Z] helpers.createIndex {"login":1} {"unique":true,"background":true}
[2024-08-03T09:44:18.380Z] couriers.createIndex {"login":1} {"unique":true,"background":true}
[2024-08-03T09:44:18.381Z] counters.createIndex {"id":1,"reference_value":1} {"unique":true,"background":true}
[2024-08-03T09:45:00.395Z] counters.createIndex {"id":1,"reference_value":1} {"unique":true,"background":true}
[2024-08-03T09:45:00.400Z] counters.createIndex {"id":1,"reference_value":1} {"unique":true,"background":true}
[2024-08-03T09:45:00.409Z] collectors.createIndex {"login":1} {"unique":true,"background":true}
[2024-08-03T09:45:00.412Z] helpers.createIndex {"login":1} {"unique":true,"background":true}
[2024-08-03T09:45:00.418Z] couriers.createIndex {"login":1} {"unique":true,"background":true}
[2024-08-03T09:45:00.419Z] counters.createIndex {"id":1,"reference_value":1} {"unique":true,"background":true}
[2024-08-03T09:45:11.300Z] counters.createIndex {"id":1,"reference_value":1} {"unique":true,"background":true}
[2024-08-03T09:45:11.305Z] counters.createIndex {"id":1,"reference_value":1} {"unique":true,"background":true}
[2024-08-03T09:45:11.313Z] collectors.createIndex {"login":1} {"unique":true,"background":true}
[2024-08-03T09:45:11.315Z] helpers.createIndex {"login":1} {"unique":true,"background":true}
[2024-08-03T09:45:11.322Z] couriers.createIndex {"login":1} {"unique":true,"background":true}
[2024-08-03T09:45:11.323Z] counters.createIndex {"id":1,"reference_value":1} {"unique":true,"background":true}
[2024-08-03T09:48:25.241Z] counters.createIndex {"id":1,"reference_value":1} {"unique":true,"background":true}
[2024-08-03T09:48:25.246Z] counters.createIndex {"id":1,"reference_value":1} {"unique":true,"background":true}
[2024-08-03T09:48:25.258Z] collectors.createIndex {"login":1} {"unique":true,"background":true}
[2024-08-03T09:48:25.261Z] helpers.createIndex {"login":1} {"unique":true,"background":true}
[2024-08-03T09:48:25.268Z] couriers.createIndex {"login":1} {"unique":true,"background":true}
[2024-08-03T09:48:25.269Z] counters.createIndex {"id":1,"reference_value":1} {"unique":true,"background":true}
[2024-08-03T09:48:31.377Z] counters.createIndex {"id":1,"reference_value":1} {"unique":true,"background":true}
[2024-08-03T09:48:31.383Z] counters.createIndex {"id":1,"reference_value":1} {"unique":true,"background":true}
[2024-08-03T09:48:31.392Z] collectors.createIndex {"login":1} {"unique":true,"background":true}
[2024-08-03T09:48:31.395Z] helpers.createIndex {"login":1} {"unique":true,"background":true}
[2024-08-03T09:48:31.401Z] couriers.createIndex {"login":1} {"unique":true,"background":true}
[2024-08-03T09:48:31.402Z] counters.createIndex {"id":1,"reference_value":1} {"unique":true,"background":true}
[2024-08-03T09:48:39.173Z] counters.createIndex {"id":1,"reference_value":1} {"unique":true,"background":true}
[2024-08-03T09:48:39.177Z] counters.createIndex {"id":1,"reference_value":1} {"unique":true,"background":true}
[2024-08-03T09:48:39.184Z] collectors.createIndex {"login":1} {"unique":true,"background":true}
[2024-08-03T09:48:39.186Z] helpers.createIndex {"login":1} {"unique":true,"background":true}
[2024-08-03T09:48:39.191Z] couriers.createIndex {"login":1} {"unique":true,"background":true}
[2024-08-03T09:48:39.191Z] counters.createIndex {"id":1,"reference_value":1} {"unique":true,"background":true}
[2024-08-03T09:49:44.867Z] counters.createIndex {"id":1,"reference_value":1} {"unique":true,"background":true}
[2024-08-03T09:49:44.872Z] counters.createIndex {"id":1,"reference_value":1} {"unique":true,"background":true}
[2024-08-03T09:49:44.881Z] collectors.createIndex {"login":1} {"unique":true,"background":true}
[2024-08-03T09:49:44.885Z] helpers.createIndex {"login":1} {"unique":true,"background":true}
[2024-08-03T09:49:44.892Z] couriers.createIndex {"login":1} {"unique":true,"background":true}
[2024-08-03T09:49:44.893Z] counters.createIndex {"id":1,"reference_value":1} {"unique":true,"background":true}
[2024-08-03T09:49:53.938Z] counters.createIndex {"id":1,"reference_value":1} {"unique":true,"background":true}
[2024-08-03T09:49:53.942Z] counters.createIndex {"id":1,"reference_value":1} {"unique":true,"background":true}
[2024-08-03T09:49:53.950Z] collectors.createIndex {"login":1} {"unique":true,"background":true}
[2024-08-03T09:49:53.952Z] helpers.createIndex {"login":1} {"unique":true,"background":true}
[2024-08-03T09:49:53.957Z] couriers.createIndex {"login":1} {"unique":true,"background":true}
[2024-08-03T09:49:53.958Z] counters.createIndex {"id":1,"reference_value":1} {"unique":true,"background":true}
[2024-08-03T10:05:56.189Z] counters.createIndex {"id":1,"reference_value":1} {"unique":true,"background":true}
[2024-08-03T10:05:56.193Z] counters.createIndex {"id":1,"reference_value":1} {"unique":true,"background":true}
[2024-08-03T10:05:56.199Z] collectors.createIndex {"login":1} {"unique":true,"background":true}
[2024-08-03T10:05:56.201Z] helpers.createIndex {"login":1} {"unique":true,"background":true}
[2024-08-03T10:05:56.204Z] couriers.createIndex {"login":1} {"unique":true,"background":true}
[2024-08-03T10:05:56.205Z] counters.createIndex {"id":1,"reference_value":1} {"unique":true,"background":true}
[2024-08-03T10:07:54.602Z] counters.createIndex {"id":1,"reference_value":1} {"unique":true,"background":true}
[2024-08-03T10:07:54.605Z] counters.createIndex {"id":1,"reference_value":1} {"unique":true,"background":true}
[2024-08-03T10:07:54.613Z] collectors.createIndex {"login":1} {"unique":true,"background":true}
[2024-08-03T10:07:54.615Z] helpers.createIndex {"login":1} {"unique":true,"background":true}
[2024-08-03T10:07:54.619Z] couriers.createIndex {"login":1} {"unique":true,"background":true}
[2024-08-03T10:07:54.620Z] counters.createIndex {"id":1,"reference_value":1} {"unique":true,"background":true}
[2024-08-03T10:07:57.726Z] counters.createIndex {"id":1,"reference_value":1} {"unique":true,"background":true}
[2024-08-03T10:07:57.730Z] counters.createIndex {"id":1,"reference_value":1} {"unique":true,"background":true}
[2024-08-03T10:07:57.736Z] collectors.createIndex {"login":1} {"unique":true,"background":true}
[2024-08-03T10:07:57.738Z] helpers.createIndex {"login":1} {"unique":true,"background":true}
[2024-08-03T10:07:57.742Z] couriers.createIndex {"login":1} {"unique":true,"background":true}
[2024-08-03T10:07:57.743Z] counters.createIndex {"id":1,"reference_value":1} {"unique":true,"background":true}
[2024-08-03T10:14:05.668Z] counters.createIndex {"id":1,"reference_value":1} {"unique":true,"background":true}
[2024-08-03T10:14:05.671Z] counters.createIndex {"id":1,"reference_value":1} {"unique":true,"background":true}
[2024-08-03T10:14:05.677Z] collectors.createIndex {"login":1} {"unique":true,"background":true}
[2024-08-03T10:14:05.679Z] helpers.createIndex {"login":1} {"unique":true,"background":true}
[2024-08-03T10:14:05.684Z] couriers.createIndex {"login":1} {"unique":true,"background":true}
[2024-08-03T10:14:05.684Z] counters.createIndex {"id":1,"reference_value":1} {"unique":true,"background":true}
[2024-08-03T10:14:39.319Z] counters.createIndex {"id":1,"reference_value":1} {"unique":true,"background":true}
[2024-08-03T10:14:39.323Z] counters.createIndex {"id":1,"reference_value":1} {"unique":true,"background":true}
[2024-08-03T10:14:39.331Z] collectors.createIndex {"login":1} {"unique":true,"background":true}
[2024-08-03T10:14:39.333Z] helpers.createIndex {"login":1} {"unique":true,"background":true}
[2024-08-03T10:14:39.339Z] couriers.createIndex {"login":1} {"unique":true,"background":true}
[2024-08-03T10:14:39.340Z] counters.createIndex {"id":1,"reference_value":1} {"unique":true,"background":true}
[2024-08-03T10:15:00.053Z] counters.createIndex {"id":1,"reference_value":1} {"unique":true,"background":true}
[2024-08-03T10:15:00.057Z] counters.createIndex {"id":1,"reference_value":1} {"unique":true,"background":true}
[2024-08-03T10:15:00.064Z] collectors.createIndex {"login":1} {"unique":true,"background":true}
[2024-08-03T10:15:00.066Z] helpers.createIndex {"login":1} {"unique":true,"background":true}
[2024-08-03T10:15:00.070Z] couriers.createIndex {"login":1} {"unique":true,"background":true}
[2024-08-03T10:15:00.071Z] counters.createIndex {"id":1,"reference_value":1} {"unique":true,"background":true}
[2024-08-03T10:15:21.201Z] counters.createIndex {"id":1,"reference_value":1} {"unique":true,"background":true}
[2024-08-03T10:15:21.213Z] counters.createIndex {"id":1,"reference_value":1} {"unique":true,"background":true}
[2024-08-03T10:15:21.218Z] couriers.createIndex {"login":1} {"unique":true,"background":true}
[2024-08-03T10:15:21.222Z] collectors.createIndex {"login":1} {"unique":true,"background":true}
[2024-08-03T10:15:21.226Z] helpers.createIndex {"login":1} {"unique":true,"background":true}
[2024-08-03T10:15:21.237Z] counters.createIndex {"id":1,"reference_value":1} {"unique":true,"background":true}
[2024-08-03T10:15:24.233Z] counters.createIndex {"id":1,"reference_value":1} {"unique":true,"background":true}
[2024-08-03T10:15:24.237Z] counters.createIndex {"id":1,"reference_value":1} {"unique":true,"background":true}
[2024-08-03T10:15:24.243Z] collectors.createIndex {"login":1} {"unique":true,"background":true}
[2024-08-03T10:15:24.245Z] helpers.createIndex {"login":1} {"unique":true,"background":true}
[2024-08-03T10:15:24.250Z] couriers.createIndex {"login":1} {"unique":true,"background":true}
[2024-08-03T10:15:24.251Z] counters.createIndex {"id":1,"reference_value":1} {"unique":true,"background":true}
[2024-08-03T10:41:26.441Z] counters.createIndex {"id":1,"reference_value":1} {"unique":true,"background":true}
[2024-08-03T10:41:26.442Z] counters.createIndex {"id":1,"reference_value":1} {"unique":true,"background":true}
[2024-08-03T10:41:26.453Z] collectors.createIndex {"login":1} {"unique":true,"background":true}
[2024-08-03T10:41:26.456Z] counters.createIndex {"id":1,"reference_value":1} {"unique":true,"background":true}
[2024-08-03T10:41:26.465Z] couriers.createIndex {"login":1} {"unique":true,"background":true}
[2024-08-03T10:41:26.466Z] helpers.createIndex {"login":1} {"unique":true,"background":true}
[2024-08-03T10:51:14.622Z] counters.createIndex {"id":1,"reference_value":1} {"unique":true,"background":true}
[2024-08-03T10:51:14.627Z] counters.createIndex {"id":1,"reference_value":1} {"unique":true,"background":true}
[2024-08-03T10:51:14.633Z] collectors.createIndex {"login":1} {"unique":true,"background":true}
[2024-08-03T10:51:14.635Z] helpers.createIndex {"login":1} {"unique":true,"background":true}
[2024-08-03T10:51:14.641Z] couriers.createIndex {"login":1} {"unique":true,"background":true}
[2024-08-03T10:51:14.642Z] counters.createIndex {"id":1,"reference_value":1} {"unique":true,"background":true}
