[2024-07-24T11:42:51.646Z] counters.createIndex {"id":1,"reference_value":1} {"unique":true,"background":true}
[2024-07-24T11:42:51.652Z] counters.createIndex {"id":1,"reference_value":1} {"unique":true,"background":true}
[2024-07-24T11:42:51.654Z] couriers.createIndex {"login":1} {"unique":true,"background":true}
[2024-07-24T11:42:51.656Z] helpers.createIndex {"login":1} {"unique":true,"background":true}
[2024-07-24T11:42:51.660Z] collectors.createIndex {"login":1} {"unique":true,"background":true}
[2024-07-24T11:42:51.660Z] counters.createIndex {"id":1,"reference_value":1} {"unique":true,"background":true}
[2024-07-24T11:42:52.943Z] users.findOne {"_id":"6644597b605831c2f5f94735"} {}
[2024-07-24T11:42:53.415Z] helpers.insertOne {"name":"Samandar","surname":"Temirxodjayev","login":"admin1233","password":"$2b$13$MuWnbf2G1gxfRJr.IfZ0C.kEs90rGJTsT0wk8E7FGyDixYG/Tcgti","_id":"66a0e8bd7d1311e248ce1fa8","createdAt":"2024-07-24T11:42:53.414Z","updatedAt":"2024-07-24T11:42:53.414Z","__v":0} {}
[2024-07-24T11:42:53.420Z] helpers.findOne {"_id":"66a0e8bd7d1311e248ce1fa8"} {}
[2024-07-24T11:44:41.376Z] counters.createIndex {"id":1,"reference_value":1} {"unique":true,"background":true}
[2024-07-24T11:44:41.382Z] counters.createIndex {"id":1,"reference_value":1} {"unique":true,"background":true}
[2024-07-24T11:44:41.383Z] helpers.createIndex {"login":1} {"unique":true,"background":true}
[2024-07-24T11:44:41.384Z] couriers.createIndex {"login":1} {"unique":true,"background":true}
[2024-07-24T11:44:41.390Z] collectors.createIndex {"login":1} {"unique":true,"background":true}
[2024-07-24T11:44:41.391Z] counters.createIndex {"id":1,"reference_value":1} {"unique":true,"background":true}
[2024-07-24T11:44:44.190Z] counters.createIndex {"id":1,"reference_value":1} {"unique":true,"background":true}
[2024-07-24T11:44:44.200Z] counters.createIndex {"id":1,"reference_value":1} {"unique":true,"background":true}
[2024-07-24T11:44:44.201Z] helpers.createIndex {"login":1} {"unique":true,"background":true}
[2024-07-24T11:44:44.202Z] couriers.createIndex {"login":1} {"unique":true,"background":true}
[2024-07-24T11:44:44.208Z] collectors.createIndex {"login":1} {"unique":true,"background":true}
[2024-07-24T11:44:44.208Z] counters.createIndex {"id":1,"reference_value":1} {"unique":true,"background":true}
[2024-07-24T11:44:50.652Z] counters.createIndex {"id":1,"reference_value":1} {"unique":true,"background":true}
[2024-07-24T11:44:50.661Z] counters.createIndex {"id":1,"reference_value":1} {"unique":true,"background":true}
[2024-07-24T11:44:50.664Z] couriers.createIndex {"login":1} {"unique":true,"background":true}
[2024-07-24T11:44:50.668Z] helpers.createIndex {"login":1} {"unique":true,"background":true}
[2024-07-24T11:44:50.672Z] collectors.createIndex {"login":1} {"unique":true,"background":true}
[2024-07-24T11:44:50.673Z] counters.createIndex {"id":1,"reference_value":1} {"unique":true,"background":true}
[2024-07-24T11:46:33.932Z] counters.createIndex {"id":1,"reference_value":1} {"unique":true,"background":true}
[2024-07-24T11:46:33.934Z] counters.createIndex {"id":1,"reference_value":1} {"unique":true,"background":true}
[2024-07-24T11:46:33.939Z] couriers.createIndex {"login":1} {"unique":true,"background":true}
[2024-07-24T11:46:33.940Z] counters.createIndex {"id":1,"reference_value":1} {"unique":true,"background":true}
[2024-07-24T11:46:33.941Z] helpers.createIndex {"login":1} {"unique":true,"background":true}
[2024-07-24T11:46:33.948Z] collectors.createIndex {"login":1} {"unique":true,"background":true}
[2024-07-24T11:46:35.593Z] counters.createIndex {"id":1,"reference_value":1} {"unique":true,"background":true}
[2024-07-24T11:46:35.597Z] counters.createIndex {"id":1,"reference_value":1} {"unique":true,"background":true}
[2024-07-24T11:46:35.604Z] couriers.createIndex {"login":1} {"unique":true,"background":true}
[2024-07-24T11:46:35.606Z] helpers.createIndex {"login":1} {"unique":true,"background":true}
[2024-07-24T11:46:35.611Z] collectors.createIndex {"login":1} {"unique":true,"background":true}
[2024-07-24T11:46:35.611Z] counters.createIndex {"id":1,"reference_value":1} {"unique":true,"background":true}
[2024-07-24T11:46:39.874Z] counters.createIndex {"id":1,"reference_value":1} {"unique":true,"background":true}
[2024-07-24T11:46:39.878Z] counters.createIndex {"id":1,"reference_value":1} {"unique":true,"background":true}
[2024-07-24T11:46:39.883Z] couriers.createIndex {"login":1} {"unique":true,"background":true}
[2024-07-24T11:46:39.885Z] helpers.createIndex {"login":1} {"unique":true,"background":true}
[2024-07-24T11:46:39.890Z] collectors.createIndex {"login":1} {"unique":true,"background":true}
[2024-07-24T11:46:39.891Z] counters.createIndex {"id":1,"reference_value":1} {"unique":true,"background":true}
[2024-07-24T11:47:50.545Z] counters.createIndex {"id":1,"reference_value":1} {"unique":true,"background":true}
[2024-07-24T11:47:50.552Z] counters.createIndex {"id":1,"reference_value":1} {"unique":true,"background":true}
[2024-07-24T11:47:50.553Z] couriers.createIndex {"login":1} {"unique":true,"background":true}
[2024-07-24T11:47:50.555Z] helpers.createIndex {"login":1} {"unique":true,"background":true}
[2024-07-24T11:47:50.558Z] collectors.createIndex {"login":1} {"unique":true,"background":true}
[2024-07-24T11:47:50.559Z] counters.createIndex {"id":1,"reference_value":1} {"unique":true,"background":true}
[2024-07-24T11:48:01.394Z] counters.createIndex {"id":1,"reference_value":1} {"unique":true,"background":true}
[2024-07-24T11:48:01.400Z] couriers.createIndex {"login":1} {"unique":true,"background":true}
[2024-07-24T11:48:01.401Z] counters.createIndex {"id":1,"reference_value":1} {"unique":true,"background":true}
[2024-07-24T11:48:01.402Z] helpers.createIndex {"login":1} {"unique":true,"background":true}
[2024-07-24T11:48:01.403Z] collectors.createIndex {"login":1} {"unique":true,"background":true}
[2024-07-24T11:48:01.408Z] counters.createIndex {"id":1,"reference_value":1} {"unique":true,"background":true}
[2024-07-24T11:48:06.328Z] counters.createIndex {"id":1,"reference_value":1} {"unique":true,"background":true}
[2024-07-24T11:48:06.333Z] counters.createIndex {"id":1,"reference_value":1} {"unique":true,"background":true}
[2024-07-24T11:48:06.340Z] couriers.createIndex {"login":1} {"unique":true,"background":true}
[2024-07-24T11:48:06.342Z] helpers.createIndex {"login":1} {"unique":true,"background":true}
[2024-07-24T11:48:06.348Z] collectors.createIndex {"login":1} {"unique":true,"background":true}
[2024-07-24T11:48:06.348Z] counters.createIndex {"id":1,"reference_value":1} {"unique":true,"background":true}
[2024-07-24T11:48:07.973Z] counters.createIndex {"id":1,"reference_value":1} {"unique":true,"background":true}
[2024-07-24T11:48:07.980Z] counters.createIndex {"id":1,"reference_value":1} {"unique":true,"background":true}
[2024-07-24T11:48:07.981Z] couriers.createIndex {"login":1} {"unique":true,"background":true}
[2024-07-24T11:48:07.984Z] helpers.createIndex {"login":1} {"unique":true,"background":true}
[2024-07-24T11:48:07.989Z] collectors.createIndex {"login":1} {"unique":true,"background":true}
[2024-07-24T11:48:07.990Z] counters.createIndex {"id":1,"reference_value":1} {"unique":true,"background":true}
[2024-07-24T11:48:16.178Z] counters.createIndex {"id":1,"reference_value":1} {"unique":true,"background":true}
[2024-07-24T11:48:16.181Z] counters.createIndex {"id":1,"reference_value":1} {"unique":true,"background":true}
[2024-07-24T11:48:16.186Z] couriers.createIndex {"login":1} {"unique":true,"background":true}
[2024-07-24T11:48:16.190Z] helpers.createIndex {"login":1} {"unique":true,"background":true}
[2024-07-24T11:48:16.194Z] collectors.createIndex {"login":1} {"unique":true,"background":true}
[2024-07-24T11:48:16.195Z] counters.createIndex {"id":1,"reference_value":1} {"unique":true,"background":true}
[2024-07-24T11:48:22.442Z] counters.createIndex {"id":1,"reference_value":1} {"unique":true,"background":true}
[2024-07-24T11:48:22.445Z] counters.createIndex {"id":1,"reference_value":1} {"unique":true,"background":true}
[2024-07-24T11:48:22.450Z] couriers.createIndex {"login":1} {"unique":true,"background":true}
[2024-07-24T11:48:22.451Z] helpers.createIndex {"login":1} {"unique":true,"background":true}
[2024-07-24T11:48:22.456Z] collectors.createIndex {"login":1} {"unique":true,"background":true}
[2024-07-24T11:48:22.456Z] counters.createIndex {"id":1,"reference_value":1} {"unique":true,"background":true}
[2024-07-24T11:48:24.454Z] counters.createIndex {"id":1,"reference_value":1} {"unique":true,"background":true}
[2024-07-24T11:48:24.460Z] counters.createIndex {"id":1,"reference_value":1} {"unique":true,"background":true}
[2024-07-24T11:48:24.461Z] couriers.createIndex {"login":1} {"unique":true,"background":true}
[2024-07-24T11:48:24.463Z] helpers.createIndex {"login":1} {"unique":true,"background":true}
[2024-07-24T11:48:24.467Z] collectors.createIndex {"login":1} {"unique":true,"background":true}
[2024-07-24T11:48:24.467Z] counters.createIndex {"id":1,"reference_value":1} {"unique":true,"background":true}
[2024-07-24T11:48:29.587Z] counters.createIndex {"id":1,"reference_value":1} {"unique":true,"background":true}
[2024-07-24T11:48:29.591Z] counters.createIndex {"id":1,"reference_value":1} {"unique":true,"background":true}
[2024-07-24T11:48:29.597Z] couriers.createIndex {"login":1} {"unique":true,"background":true}
[2024-07-24T11:48:29.599Z] helpers.createIndex {"login":1} {"unique":true,"background":true}
[2024-07-24T11:48:29.603Z] collectors.createIndex {"login":1} {"unique":true,"background":true}
[2024-07-24T11:48:29.603Z] counters.createIndex {"id":1,"reference_value":1} {"unique":true,"background":true}
[2024-07-24T11:49:11.740Z] counters.createIndex {"id":1,"reference_value":1} {"unique":true,"background":true}
[2024-07-24T11:49:11.743Z] counters.createIndex {"id":1,"reference_value":1} {"unique":true,"background":true}
[2024-07-24T11:49:11.747Z] couriers.createIndex {"login":1} {"unique":true,"background":true}
[2024-07-24T11:49:11.749Z] counters.createIndex {"id":1,"reference_value":1} {"unique":true,"background":true}
[2024-07-24T11:49:11.749Z] helpers.createIndex {"login":1} {"unique":true,"background":true}
[2024-07-24T11:49:11.757Z] collectors.createIndex {"login":1} {"unique":true,"background":true}
[2024-07-24T11:49:26.533Z] counters.createIndex {"id":1,"reference_value":1} {"unique":true,"background":true}
[2024-07-24T11:49:26.539Z] couriers.createIndex {"login":1} {"unique":true,"background":true}
[2024-07-24T11:49:26.540Z] collectors.createIndex {"login":1} {"unique":true,"background":true}
[2024-07-24T11:49:26.541Z] counters.createIndex {"id":1,"reference_value":1} {"unique":true,"background":true}
[2024-07-24T11:49:26.542Z] helpers.createIndex {"login":1} {"unique":true,"background":true}
[2024-07-24T11:49:26.548Z] counters.createIndex {"id":1,"reference_value":1} {"unique":true,"background":true}
[2024-07-24T11:49:29.567Z] counters.createIndex {"id":1,"reference_value":1} {"unique":true,"background":true}
[2024-07-24T11:49:29.571Z] counters.createIndex {"id":1,"reference_value":1} {"unique":true,"background":true}
[2024-07-24T11:49:29.580Z] couriers.createIndex {"login":1} {"unique":true,"background":true}
[2024-07-24T11:49:29.584Z] helpers.createIndex {"login":1} {"unique":true,"background":true}
[2024-07-24T11:49:29.590Z] collectors.createIndex {"login":1} {"unique":true,"background":true}
[2024-07-24T11:49:29.591Z] counters.createIndex {"id":1,"reference_value":1} {"unique":true,"background":true}
[2024-07-24T11:49:58.219Z] counters.createIndex {"id":1,"reference_value":1} {"unique":true,"background":true}
[2024-07-24T11:49:58.222Z] counters.createIndex {"id":1,"reference_value":1} {"unique":true,"background":true}
[2024-07-24T11:49:58.228Z] couriers.createIndex {"login":1} {"unique":true,"background":true}
[2024-07-24T11:49:58.230Z] helpers.createIndex {"login":1} {"unique":true,"background":true}
[2024-07-24T11:49:58.234Z] collectors.createIndex {"login":1} {"unique":true,"background":true}
[2024-07-24T11:49:58.235Z] counters.createIndex {"id":1,"reference_value":1} {"unique":true,"background":true}
[2024-07-24T11:50:04.655Z] counters.createIndex {"id":1,"reference_value":1} {"unique":true,"background":true}
[2024-07-24T11:50:04.661Z] counters.createIndex {"id":1,"reference_value":1} {"unique":true,"background":true}
[2024-07-24T11:50:04.662Z] couriers.createIndex {"login":1} {"unique":true,"background":true}
[2024-07-24T11:50:04.664Z] helpers.createIndex {"login":1} {"unique":true,"background":true}
[2024-07-24T11:50:04.668Z] collectors.createIndex {"login":1} {"unique":true,"background":true}
[2024-07-24T11:50:04.669Z] counters.createIndex {"id":1,"reference_value":1} {"unique":true,"background":true}
[2024-07-24T11:50:13.671Z] counters.createIndex {"id":1,"reference_value":1} {"unique":true,"background":true}
[2024-07-24T11:50:13.678Z] counters.createIndex {"id":1,"reference_value":1} {"unique":true,"background":true}
[2024-07-24T11:50:13.679Z] couriers.createIndex {"login":1} {"unique":true,"background":true}
[2024-07-24T11:50:13.681Z] helpers.createIndex {"login":1} {"unique":true,"background":true}
[2024-07-24T11:50:13.686Z] collectors.createIndex {"login":1} {"unique":true,"background":true}
[2024-07-24T11:50:13.687Z] counters.createIndex {"id":1,"reference_value":1} {"unique":true,"background":true}
[2024-07-24T11:50:38.583Z] counters.createIndex {"id":1,"reference_value":1} {"unique":true,"background":true}
[2024-07-24T11:50:38.589Z] counters.createIndex {"id":1,"reference_value":1} {"unique":true,"background":true}
[2024-07-24T11:50:38.590Z] couriers.createIndex {"login":1} {"unique":true,"background":true}
[2024-07-24T11:50:38.592Z] helpers.createIndex {"login":1} {"unique":true,"background":true}
[2024-07-24T11:50:38.595Z] collectors.createIndex {"login":1} {"unique":true,"background":true}
[2024-07-24T11:50:38.596Z] counters.createIndex {"id":1,"reference_value":1} {"unique":true,"background":true}
[2024-07-24T11:50:46.311Z] counters.createIndex {"id":1,"reference_value":1} {"unique":true,"background":true}
[2024-07-24T11:50:46.313Z] counters.createIndex {"id":1,"reference_value":1} {"unique":true,"background":true}
[2024-07-24T11:50:46.316Z] couriers.createIndex {"login":1} {"unique":true,"background":true}
[2024-07-24T11:50:46.317Z] collectors.createIndex {"login":1} {"unique":true,"background":true}
[2024-07-24T11:50:46.317Z] counters.createIndex {"id":1,"reference_value":1} {"unique":true,"background":true}
[2024-07-24T11:50:46.320Z] helpers.createIndex {"login":1} {"unique":true,"background":true}
[2024-07-24T11:52:19.465Z] users.findOne {"_id":"6644597b605831c2f5f94735"} {}
[2024-07-24T11:52:46.853Z] counters.createIndex {"id":1,"reference_value":1} {"unique":true,"background":true}
[2024-07-24T11:52:46.859Z] couriers.createIndex {"login":1} {"unique":true,"background":true}
[2024-07-24T11:52:46.860Z] collectors.createIndex {"login":1} {"unique":true,"background":true}
[2024-07-24T11:52:46.861Z] counters.createIndex {"id":1,"reference_value":1} {"unique":true,"background":true}
[2024-07-24T11:52:46.862Z] helpers.createIndex {"login":1} {"unique":true,"background":true}
[2024-07-24T11:52:46.867Z] counters.createIndex {"id":1,"reference_value":1} {"unique":true,"background":true}
[2024-07-24T11:52:50.344Z] counters.createIndex {"id":1,"reference_value":1} {"unique":true,"background":true}
[2024-07-24T11:52:50.347Z] counters.createIndex {"id":1,"reference_value":1} {"unique":true,"background":true}
[2024-07-24T11:52:50.354Z] couriers.createIndex {"login":1} {"unique":true,"background":true}
[2024-07-24T11:52:50.356Z] helpers.createIndex {"login":1} {"unique":true,"background":true}
[2024-07-24T11:52:50.362Z] collectors.createIndex {"login":1} {"unique":true,"background":true}
[2024-07-24T11:52:50.363Z] counters.createIndex {"id":1,"reference_value":1} {"unique":true,"background":true}
[2024-07-24T11:52:52.193Z] users.findOne {"_id":"6644597b605831c2f5f94735"} {}
[2024-07-24T11:52:53.689Z] counters.createIndex {"id":1,"reference_value":1} {"unique":true,"background":true}
[2024-07-24T11:52:53.695Z] counters.createIndex {"id":1,"reference_value":1} {"unique":true,"background":true}
[2024-07-24T11:52:53.696Z] couriers.createIndex {"login":1} {"unique":true,"background":true}
[2024-07-24T11:52:53.697Z] helpers.createIndex {"login":1} {"unique":true,"background":true}
[2024-07-24T11:52:53.701Z] collectors.createIndex {"login":1} {"unique":true,"background":true}
[2024-07-24T11:52:53.702Z] counters.createIndex {"id":1,"reference_value":1} {"unique":true,"background":true}
[2024-07-24T11:52:55.895Z] users.findOne {"_id":"6644597b605831c2f5f94735"} {}
[2024-07-24T11:52:57.327Z] counters.createIndex {"id":1,"reference_value":1} {"unique":true,"background":true}
[2024-07-24T11:52:57.332Z] counters.createIndex {"id":1,"reference_value":1} {"unique":true,"background":true}
[2024-07-24T11:52:57.333Z] couriers.createIndex {"login":1} {"unique":true,"background":true}
[2024-07-24T11:52:57.335Z] helpers.createIndex {"login":1} {"unique":true,"background":true}
[2024-07-24T11:52:57.338Z] collectors.createIndex {"login":1} {"unique":true,"background":true}
[2024-07-24T11:52:57.339Z] counters.createIndex {"id":1,"reference_value":1} {"unique":true,"background":true}
[2024-07-24T11:53:02.649Z] users.findOne {"_id":"6644597b605831c2f5f94735"} {}
[2024-07-24T11:53:04.124Z] counters.createIndex {"id":1,"reference_value":1} {"unique":true,"background":true}
[2024-07-24T11:53:04.127Z] counters.createIndex {"id":1,"reference_value":1} {"unique":true,"background":true}
[2024-07-24T11:53:04.132Z] couriers.createIndex {"login":1} {"unique":true,"background":true}
[2024-07-24T11:53:04.134Z] helpers.createIndex {"login":1} {"unique":true,"background":true}
[2024-07-24T11:53:04.138Z] collectors.createIndex {"login":1} {"unique":true,"background":true}
[2024-07-24T11:53:04.138Z] counters.createIndex {"id":1,"reference_value":1} {"unique":true,"background":true}
[2024-07-24T11:53:13.949Z] users.findOne {"_id":"6644597b605831c2f5f94735"} {}
[2024-07-24T11:53:15.492Z] counters.createIndex {"id":1,"reference_value":1} {"unique":true,"background":true}
[2024-07-24T11:53:15.498Z] counters.createIndex {"id":1,"reference_value":1} {"unique":true,"background":true}
[2024-07-24T11:53:15.499Z] helpers.createIndex {"login":1} {"unique":true,"background":true}
[2024-07-24T11:53:15.500Z] couriers.createIndex {"login":1} {"unique":true,"background":true}
[2024-07-24T11:53:15.505Z] collectors.createIndex {"login":1} {"unique":true,"background":true}
[2024-07-24T11:53:15.506Z] counters.createIndex {"id":1,"reference_value":1} {"unique":true,"background":true}
[2024-07-24T11:53:19.100Z] users.findOne {"_id":"6644597b605831c2f5f94735"} {}
[2024-07-24T11:53:20.600Z] counters.createIndex {"id":1,"reference_value":1} {"unique":true,"background":true}
[2024-07-24T11:53:20.606Z] counters.createIndex {"id":1,"reference_value":1} {"unique":true,"background":true}
[2024-07-24T11:53:20.607Z] couriers.createIndex {"login":1} {"unique":true,"background":true}
[2024-07-24T11:53:20.609Z] helpers.createIndex {"login":1} {"unique":true,"background":true}
[2024-07-24T11:53:20.613Z] collectors.createIndex {"login":1} {"unique":true,"background":true}
[2024-07-24T11:53:20.613Z] counters.createIndex {"id":1,"reference_value":1} {"unique":true,"background":true}
[2024-07-24T11:55:32.419Z] counters.createIndex {"id":1,"reference_value":1} {"unique":true,"background":true}
[2024-07-24T11:55:32.425Z] counters.createIndex {"id":1,"reference_value":1} {"unique":true,"background":true}
[2024-07-24T11:55:32.427Z] couriers.createIndex {"login":1} {"unique":true,"background":true}
[2024-07-24T11:55:32.428Z] helpers.createIndex {"login":1} {"unique":true,"background":true}
[2024-07-24T11:55:32.432Z] collectors.createIndex {"login":1} {"unique":true,"background":true}
[2024-07-24T11:55:32.433Z] counters.createIndex {"id":1,"reference_value":1} {"unique":true,"background":true}
[2024-07-24T11:55:39.237Z] counters.createIndex {"id":1,"reference_value":1} {"unique":true,"background":true}
[2024-07-24T11:55:39.240Z] counters.createIndex {"id":1,"reference_value":1} {"unique":true,"background":true}
[2024-07-24T11:55:39.246Z] couriers.createIndex {"login":1} {"unique":true,"background":true}
[2024-07-24T11:55:39.248Z] helpers.createIndex {"login":1} {"unique":true,"background":true}
[2024-07-24T11:55:39.252Z] collectors.createIndex {"login":1} {"unique":true,"background":true}
[2024-07-24T11:55:39.253Z] counters.createIndex {"id":1,"reference_value":1} {"unique":true,"background":true}
[2024-07-24T11:55:46.944Z] counters.createIndex {"id":1,"reference_value":1} {"unique":true,"background":true}
[2024-07-24T11:55:46.950Z] counters.createIndex {"id":1,"reference_value":1} {"unique":true,"background":true}
[2024-07-24T11:55:46.952Z] couriers.createIndex {"login":1} {"unique":true,"background":true}
[2024-07-24T11:55:46.955Z] helpers.createIndex {"login":1} {"unique":true,"background":true}
[2024-07-24T11:55:46.959Z] collectors.createIndex {"login":1} {"unique":true,"background":true}
[2024-07-24T11:55:46.960Z] counters.createIndex {"id":1,"reference_value":1} {"unique":true,"background":true}
[2024-07-24T11:56:16.690Z] counters.createIndex {"id":1,"reference_value":1} {"unique":true,"background":true}
[2024-07-24T11:56:16.702Z] couriers.createIndex {"login":1} {"unique":true,"background":true}
[2024-07-24T11:56:16.703Z] collectors.createIndex {"login":1} {"unique":true,"background":true}
[2024-07-24T11:56:16.704Z] counters.createIndex {"id":1,"reference_value":1} {"unique":true,"background":true}
[2024-07-24T11:56:16.705Z] helpers.createIndex {"login":1} {"unique":true,"background":true}
[2024-07-24T11:56:16.707Z] counters.createIndex {"id":1,"reference_value":1} {"unique":true,"background":true}
