[2024-07-29T07:08:17.723Z] counters.createIndex {"id":1,"reference_value":1} {"unique":true,"background":true}
[2024-07-29T07:08:17.727Z] counters.createIndex {"id":1,"reference_value":1} {"unique":true,"background":true}
[2024-07-29T07:08:17.735Z] couriers.createIndex {"login":1} {"unique":true,"background":true}
[2024-07-29T07:08:17.737Z] collectors.createIndex {"login":1} {"unique":true,"background":true}
[2024-07-29T07:08:17.737Z] helpers.createIndex {"login":1} {"unique":true,"background":true}
[2024-07-29T07:08:17.739Z] counters.createIndex {"id":1,"reference_value":1} {"unique":true,"background":true}
[2024-07-29T07:09:47.413Z] counters.createIndex {"id":1,"reference_value":1} {"unique":true,"background":true}
[2024-07-29T07:09:47.420Z] counters.createIndex {"id":1,"reference_value":1} {"unique":true,"background":true}
[2024-07-29T07:09:47.421Z] couriers.createIndex {"login":1} {"unique":true,"background":true}
[2024-07-29T07:09:47.423Z] helpers.createIndex {"login":1} {"unique":true,"background":true}
[2024-07-29T07:09:47.427Z] collectors.createIndex {"login":1} {"unique":true,"background":true}
[2024-07-29T07:09:47.428Z] counters.createIndex {"id":1,"reference_value":1} {"unique":true,"background":true}
[2024-07-29T07:12:01.586Z] counters.createIndex {"id":1,"reference_value":1} {"unique":true,"background":true}
[2024-07-29T07:12:01.593Z] counters.createIndex {"id":1,"reference_value":1} {"unique":true,"background":true}
[2024-07-29T07:12:01.594Z] couriers.createIndex {"login":1} {"unique":true,"background":true}
[2024-07-29T07:12:01.596Z] helpers.createIndex {"login":1} {"unique":true,"background":true}
[2024-07-29T07:12:01.600Z] collectors.createIndex {"login":1} {"unique":true,"background":true}
[2024-07-29T07:12:01.601Z] counters.createIndex {"id":1,"reference_value":1} {"unique":true,"background":true}
[2024-07-29T07:13:20.023Z] translations.findOne {"message":"O'zbekcha"} {}
[2024-07-29T07:13:20.041Z] translations.insertOne {"message":"O'zbekcha","_id":"66a741102459bc5fba4fac0f","__v":0} {}
[2024-07-29T07:13:36.558Z] translations.findOne {"message":"Uzbek"} {}
[2024-07-29T07:13:36.559Z] translations.insertOne {"message":"Uzbek","_id":"66a741202459bc5fba4fac12","__v":0} {}
[2024-07-29T07:13:54.910Z] translations.findOne {"message":"Eshlish"} {}
[2024-07-29T07:13:54.912Z] translations.insertOne {"message":"Eshlish","_id":"66a741322459bc5fba4fac15","__v":0} {}
[2024-07-29T07:14:27.353Z] translations.findOne {"message":"English"} {}
[2024-07-29T07:14:27.355Z] translations.insertOne {"message":"English","_id":"66a741532459bc5fba4fac18","__v":0} {}
[2024-07-29T07:14:49.306Z] translations.findOne {"message":"English"} {}
[2024-07-29T07:14:49.308Z] translations.insertOne {"message":"English","_id":"66a741692459bc5fba4fac1b","__v":0} {}
[2024-07-29T07:14:58.291Z] translations.findOne {"message":"Russian"} {}
[2024-07-29T07:14:58.293Z] translations.insertOne {"message":"Russian","_id":"66a741722459bc5fba4fac1e","__v":0} {}
[2024-07-29T07:15:08.198Z] translations.findOne {"message":"Uzbek"} {}
[2024-07-29T07:15:08.199Z] translations.insertOne {"message":"Uzbek","_id":"66a7417c2459bc5fba4fac21","__v":0} {}
[2024-07-29T07:16:02.103Z] translations.findOne {"message":"Language"} {}
[2024-07-29T07:16:02.105Z] translations.insertOne {"message":"Language","_id":"66a741b22459bc5fba4fac24","__v":0} {}
[2024-07-29T07:16:49.467Z] translations.find {} {}
[2024-07-29T07:17:15.619Z] counters.createIndex {"id":1,"reference_value":1} {"unique":true,"background":true}
[2024-07-29T07:17:15.625Z] counters.createIndex {"id":1,"reference_value":1} {"unique":true,"background":true}
[2024-07-29T07:17:15.626Z] couriers.createIndex {"login":1} {"unique":true,"background":true}
[2024-07-29T07:17:15.628Z] helpers.createIndex {"login":1} {"unique":true,"background":true}
[2024-07-29T07:17:15.632Z] collectors.createIndex {"login":1} {"unique":true,"background":true}
[2024-07-29T07:17:15.632Z] counters.createIndex {"id":1,"reference_value":1} {"unique":true,"background":true}
[2024-07-29T07:17:25.362Z] translations.find {} {}
[2024-07-29T07:20:32.426Z] translations.find {} {}
[2024-07-29T07:22:09.273Z] translations.findOne {"_id":"66a7417c2459bc5fba4fac21"} {}
[2024-07-29T07:22:09.280Z] translations.updateOne {"_id":"66a7417c2459bc5fba4fac21"} {"$set":{"uz":"O'zbekcha"}}
[2024-07-29T07:22:42.324Z] translations.findOne {"_id":"66a7417c2459bc5fba4fac21"} {}
[2024-07-29T07:22:42.325Z] translations.updateOne {"_id":"66a7417c2459bc5fba4fac21"} {"$set":{"ru":"Узбекский"}}
[2024-07-29T07:22:48.446Z] translations.findOne {"_id":"66a7417c2459bc5fba4fac21"} {}
[2024-07-29T07:22:48.448Z] translations.updateOne {"_id":"66a7417c2459bc5fba4fac21"} {"$set":{"en":"Uzbek"}}
[2024-07-29T07:23:06.484Z] translations.find {} {}
[2024-07-29T07:23:45.502Z] translations.findOne {"_id":"66a7417c2459bc5fba4fac21"} {}
[2024-07-29T07:23:45.504Z] translations.updateOne {"_id":"66a7417c2459bc5fba4fac21"} {"$set":{"kr":"Ўзбекча"}}
[2024-07-29T07:24:11.759Z] translations.findOne {"_id":"66a741692459bc5fba4fac1b"} {}
[2024-07-29T07:24:11.761Z] translations.updateOne {"_id":"66a741692459bc5fba4fac1b"} {"$set":{"kr":"Инглизча"}}
[2024-07-29T07:24:24.651Z] translations.findOne {"_id":"66a741692459bc5fba4fac1b"} {}
[2024-07-29T07:24:24.653Z] translations.updateOne {"_id":"66a741692459bc5fba4fac1b"} {"$set":{"uz":"Inglizcha"}}
[2024-07-29T07:24:39.968Z] translations.findOne {"_id":"66a741692459bc5fba4fac1b"} {}
[2024-07-29T07:24:39.970Z] translations.updateOne {"_id":"66a741692459bc5fba4fac1b"} {"$set":{"ru":"Английский"}}
[2024-07-29T07:24:50.242Z] translations.findOne {"_id":"66a741692459bc5fba4fac1b"} {}
[2024-07-29T07:24:50.243Z] translations.updateOne {"_id":"66a741692459bc5fba4fac1b"} {"$set":{"en":"English"}}
[2024-07-29T07:25:05.250Z] translations.findOne {"_id":"66a741722459bc5fba4fac1e"} {}
[2024-07-29T07:25:05.252Z] translations.updateOne {"_id":"66a741722459bc5fba4fac1e"} {"$set":{"en":"Russian"}}
[2024-07-29T07:25:18.320Z] translations.findOne {"_id":"66a741722459bc5fba4fac1e"} {}
[2024-07-29T07:25:18.322Z] translations.updateOne {"_id":"66a741722459bc5fba4fac1e"} {"$set":{"uz":"Ruscha"}}
[2024-07-29T07:25:29.806Z] translations.findOne {"_id":"66a741722459bc5fba4fac1e"} {}
[2024-07-29T07:25:29.807Z] translations.updateOne {"_id":"66a741722459bc5fba4fac1e"} {"$set":{"ru":"Русский"}}
[2024-07-29T07:25:42.168Z] translations.findOne {"_id":"66a741722459bc5fba4fac1e"} {}
[2024-07-29T07:25:42.169Z] translations.updateOne {"_id":"66a741722459bc5fba4fac1e"} {"$set":{"kr":"Русча"}}
[2024-07-29T07:26:08.766Z] translations.findOne {"_id":"66a741b22459bc5fba4fac24"} {}
[2024-07-29T07:26:08.768Z] translations.updateOne {"_id":"66a741b22459bc5fba4fac24"} {"$set":{"kr":"Тил"}}
[2024-07-29T07:26:16.105Z] translations.findOne {"_id":"66a741b22459bc5fba4fac24"} {}
[2024-07-29T07:26:16.107Z] translations.updateOne {"_id":"66a741b22459bc5fba4fac24"} {"$set":{"uz":"Til"}}
[2024-07-29T07:26:31.038Z] translations.findOne {"_id":"66a741b22459bc5fba4fac24"} {}
[2024-07-29T07:26:31.039Z] translations.updateOne {"_id":"66a741b22459bc5fba4fac24"} {"$set":{"ru":"Язык"}}
[2024-07-29T07:26:43.617Z] translations.findOne {"_id":"66a741b22459bc5fba4fac24"} {}
[2024-07-29T07:26:43.618Z] translations.updateOne {"_id":"66a741b22459bc5fba4fac24"} {"$set":{"en":"Language"}}
[2024-07-29T07:27:04.087Z] translations.find {} {}
[2024-07-29T07:27:14.577Z] translations.find {} {}
[2024-07-29T07:27:33.663Z] translations.find {} {}
[2024-07-29T07:27:37.024Z] translations.find {} {}
[2024-07-29T08:07:04.432Z] counters.createIndex {"id":1,"reference_value":1} {"unique":true,"background":true}
[2024-07-29T08:07:04.438Z] counters.createIndex {"id":1,"reference_value":1} {"unique":true,"background":true}
[2024-07-29T08:07:04.445Z] couriers.createIndex {"login":1} {"unique":true,"background":true}
[2024-07-29T08:07:04.448Z] helpers.createIndex {"login":1} {"unique":true,"background":true}
[2024-07-29T08:07:04.450Z] collectors.createIndex {"login":1} {"unique":true,"background":true}
[2024-07-29T08:07:04.458Z] counters.createIndex {"id":1,"reference_value":1} {"unique":true,"background":true}
[2024-07-29T08:07:08.154Z] counters.createIndex {"id":1,"reference_value":1} {"unique":true,"background":true}
[2024-07-29T08:07:08.160Z] counters.createIndex {"id":1,"reference_value":1} {"unique":true,"background":true}
[2024-07-29T08:07:08.162Z] couriers.createIndex {"login":1} {"unique":true,"background":true}
[2024-07-29T08:07:08.163Z] helpers.createIndex {"login":1} {"unique":true,"background":true}
[2024-07-29T08:07:08.167Z] collectors.createIndex {"login":1} {"unique":true,"background":true}
[2024-07-29T08:07:08.168Z] counters.createIndex {"id":1,"reference_value":1} {"unique":true,"background":true}
[2024-07-29T08:08:12.683Z] counters.createIndex {"id":1,"reference_value":1} {"unique":true,"background":true}
[2024-07-29T08:08:12.692Z] counters.createIndex {"id":1,"reference_value":1} {"unique":true,"background":true}
[2024-07-29T08:08:12.694Z] couriers.createIndex {"login":1} {"unique":true,"background":true}
[2024-07-29T08:08:12.696Z] helpers.createIndex {"login":1} {"unique":true,"background":true}
[2024-07-29T08:08:12.702Z] collectors.createIndex {"login":1} {"unique":true,"background":true}
[2024-07-29T08:08:12.703Z] counters.createIndex {"id":1,"reference_value":1} {"unique":true,"background":true}
[2024-07-29T08:08:15.936Z] counters.createIndex {"id":1,"reference_value":1} {"unique":true,"background":true}
[2024-07-29T08:08:15.942Z] couriers.createIndex {"login":1} {"unique":true,"background":true}
[2024-07-29T08:08:15.944Z] counters.createIndex {"id":1,"reference_value":1} {"unique":true,"background":true}
[2024-07-29T08:08:15.946Z] helpers.createIndex {"login":1} {"unique":true,"background":true}
[2024-07-29T08:08:15.949Z] collectors.createIndex {"login":1} {"unique":true,"background":true}
[2024-07-29T08:08:15.950Z] counters.createIndex {"id":1,"reference_value":1} {"unique":true,"background":true}
[2024-07-29T08:08:18.630Z] counters.createIndex {"id":1,"reference_value":1} {"unique":true,"background":true}
[2024-07-29T08:08:18.633Z] counters.createIndex {"id":1,"reference_value":1} {"unique":true,"background":true}
[2024-07-29T08:08:18.638Z] couriers.createIndex {"login":1} {"unique":true,"background":true}
[2024-07-29T08:08:18.640Z] helpers.createIndex {"login":1} {"unique":true,"background":true}
[2024-07-29T08:08:18.644Z] collectors.createIndex {"login":1} {"unique":true,"background":true}
[2024-07-29T08:08:18.645Z] counters.createIndex {"id":1,"reference_value":1} {"unique":true,"background":true}
[2024-07-29T10:02:41.701Z] counters.createIndex {"id":1,"reference_value":1} {"unique":true,"background":true}
[2024-07-29T10:02:41.709Z] counters.createIndex {"id":1,"reference_value":1} {"unique":true,"background":true}
[2024-07-29T10:02:41.710Z] couriers.createIndex {"login":1} {"unique":true,"background":true}
[2024-07-29T10:02:41.712Z] helpers.createIndex {"login":1} {"unique":true,"background":true}
[2024-07-29T10:02:41.716Z] collectors.createIndex {"login":1} {"unique":true,"background":true}
[2024-07-29T10:02:41.717Z] counters.createIndex {"id":1,"reference_value":1} {"unique":true,"background":true}
[2024-07-29T10:02:53.301Z] counters.createIndex {"id":1,"reference_value":1} {"unique":true,"background":true}
[2024-07-29T10:02:53.307Z] counters.createIndex {"id":1,"reference_value":1} {"unique":true,"background":true}
[2024-07-29T10:02:53.309Z] couriers.createIndex {"login":1} {"unique":true,"background":true}
[2024-07-29T10:02:53.310Z] helpers.createIndex {"login":1} {"unique":true,"background":true}
[2024-07-29T10:02:53.315Z] collectors.createIndex {"login":1} {"unique":true,"background":true}
[2024-07-29T10:02:53.315Z] counters.createIndex {"id":1,"reference_value":1} {"unique":true,"background":true}
[2024-07-29T10:03:00.802Z] counters.createIndex {"id":1,"reference_value":1} {"unique":true,"background":true}
[2024-07-29T10:03:00.808Z] counters.createIndex {"id":1,"reference_value":1} {"unique":true,"background":true}
[2024-07-29T10:03:00.809Z] couriers.createIndex {"login":1} {"unique":true,"background":true}
[2024-07-29T10:03:00.811Z] helpers.createIndex {"login":1} {"unique":true,"background":true}
[2024-07-29T10:03:00.814Z] collectors.createIndex {"login":1} {"unique":true,"background":true}
[2024-07-29T10:03:00.815Z] counters.createIndex {"id":1,"reference_value":1} {"unique":true,"background":true}
[2024-07-29T10:03:09.821Z] counters.createIndex {"id":1,"reference_value":1} {"unique":true,"background":true}
[2024-07-29T10:03:09.827Z] counters.createIndex {"id":1,"reference_value":1} {"unique":true,"background":true}
[2024-07-29T10:03:09.828Z] couriers.createIndex {"login":1} {"unique":true,"background":true}
[2024-07-29T10:03:09.830Z] helpers.createIndex {"login":1} {"unique":true,"background":true}
[2024-07-29T10:03:09.834Z] collectors.createIndex {"login":1} {"unique":true,"background":true}
[2024-07-29T10:03:09.835Z] counters.createIndex {"id":1,"reference_value":1} {"unique":true,"background":true}
[2024-07-29T10:03:20.396Z] counters.createIndex {"id":1,"reference_value":1} {"unique":true,"background":true}
[2024-07-29T10:03:20.399Z] counters.createIndex {"id":1,"reference_value":1} {"unique":true,"background":true}
[2024-07-29T10:03:20.405Z] couriers.createIndex {"login":1} {"unique":true,"background":true}
[2024-07-29T10:03:20.407Z] helpers.createIndex {"login":1} {"unique":true,"background":true}
[2024-07-29T10:03:20.413Z] collectors.createIndex {"login":1} {"unique":true,"background":true}
[2024-07-29T10:03:20.414Z] counters.createIndex {"id":1,"reference_value":1} {"unique":true,"background":true}
[2024-07-29T10:03:22.769Z] counters.createIndex {"id":1,"reference_value":1} {"unique":true,"background":true}
[2024-07-29T10:03:22.775Z] counters.createIndex {"id":1,"reference_value":1} {"unique":true,"background":true}
[2024-07-29T10:03:22.777Z] couriers.createIndex {"login":1} {"unique":true,"background":true}
[2024-07-29T10:03:22.778Z] helpers.createIndex {"login":1} {"unique":true,"background":true}
[2024-07-29T10:03:22.782Z] collectors.createIndex {"login":1} {"unique":true,"background":true}
[2024-07-29T10:03:22.783Z] counters.createIndex {"id":1,"reference_value":1} {"unique":true,"background":true}
[2024-07-29T10:03:28.617Z] counters.createIndex {"id":1,"reference_value":1} {"unique":true,"background":true}
[2024-07-29T10:03:28.621Z] counters.createIndex {"id":1,"reference_value":1} {"unique":true,"background":true}
[2024-07-29T10:03:28.627Z] couriers.createIndex {"login":1} {"unique":true,"background":true}
[2024-07-29T10:03:28.629Z] helpers.createIndex {"login":1} {"unique":true,"background":true}
[2024-07-29T10:03:28.634Z] collectors.createIndex {"login":1} {"unique":true,"background":true}
[2024-07-29T10:03:28.634Z] counters.createIndex {"id":1,"reference_value":1} {"unique":true,"background":true}
[2024-07-29T10:03:31.408Z] counters.createIndex {"id":1,"reference_value":1} {"unique":true,"background":true}
[2024-07-29T10:03:31.415Z] counters.createIndex {"id":1,"reference_value":1} {"unique":true,"background":true}
[2024-07-29T10:03:31.417Z] couriers.createIndex {"login":1} {"unique":true,"background":true}
[2024-07-29T10:03:31.418Z] helpers.createIndex {"login":1} {"unique":true,"background":true}
[2024-07-29T10:03:31.422Z] collectors.createIndex {"login":1} {"unique":true,"background":true}
[2024-07-29T10:03:31.423Z] counters.createIndex {"id":1,"reference_value":1} {"unique":true,"background":true}
[2024-07-29T11:19:59.467Z] counters.createIndex {"id":1,"reference_value":1} {"unique":true,"background":true}
[2024-07-29T11:19:59.470Z] counters.createIndex {"id":1,"reference_value":1} {"unique":true,"background":true}
[2024-07-29T11:19:59.476Z] couriers.createIndex {"login":1} {"unique":true,"background":true}
[2024-07-29T11:19:59.478Z] helpers.createIndex {"login":1} {"unique":true,"background":true}
[2024-07-29T11:19:59.482Z] collectors.createIndex {"login":1} {"unique":true,"background":true}
[2024-07-29T11:19:59.483Z] counters.createIndex {"id":1,"reference_value":1} {"unique":true,"background":true}
